./files/46/assets/css/style2.css
./files/46/assets/fonts/icons.woff2
./files/46/diary/n46/MEMBER/0001_10.jpeg
./files/46/assets/img/common/menubtn.png
./files/46/assets/img/common/menubtn-w.png
./files/46/assets/img/common/gnav/news.png
./files/46/assets/img/common/gnav/schedule.png
./files/46/assets/img/common/gnav/member.png
./files/46/assets/img/common/gnav/blog.png
./files/46/assets/img/common/gnav/discography.png
./files/46/assets/img/common/gnav/movie.png
./files/46/assets/img/common/gnav/event.png
./files/46/assets/img/common/gnav/live.png
./files/46/assets/img/common/gnav/goods.png
./files/46/assets/img/blog/ttl.png
./files/46/assets/img/blog/none.png
./files/46/diary/n46/MEMBER/0000_11.jpeg
./files/46/_pre/blog/shiori.kubo/img/2021/12/31/5166087/0000.jpeg
./files/46/_pre/blog/shiori.kubo/img/2021/10/08/8799989/0000.jpeg
./files/46/_pre/blog/shiori.kubo/img/2021/09/04/5511971/0000.jpeg
./files/46/_pre/blog/shiori.kubo/img/2021/09/03/6158462/0000.jpeg
./files/46/_pre/blog/shiori.kubo/img/2021/07/14/6651192/0000.jpeg
./files/46/_pre/blog/shiori.kubo/img/2021/07/03/0814651/0000.jpeg
./files/46/_pre/blog/shiori.kubo/img/2021/06/25/2790526/0000.jpeg
./files/46/assets/img/blog-detail/member-deco.png
./images/46/445/60cae08cc551e45e9d8aa008f871c.jpg
./files/46/assets/img/common/cal/calenderDeco.jpg
./files/46/assets/img/blog-detail/archives.png
./files/46/assets/img/common/backtotop.png
./files/46/assets/img/common/decorationLine.png
./files/46/assets/img/common/jasrac.jpg
./files/46/assets/img/common/ec/ttl.png
./files/46/assets/img/common/mainmenu/top.png
./files/46/assets/img/common/mainmenu/news.png
./files/46/assets/img/common/mainmenu/schedule.png
./files/46/assets/img/common/mainmenu/member.png
./files/46/assets/img/common/mainmenu/blog.png
./files/46/assets/img/common/mainmenu/discography.png
./files/46/assets/img/common/mainmenu/movie.png
./files/46/assets/img/common/mainmenu/event.png
./files/46/assets/img/common/mainmenu/live.png
./files/46/assets/img/common/mainmenu/goods.png
./files/46/assets/img/common/mainmenu/nogizakamobile.png
./files/46/assets/img/common/mainmenu/nogizakamessage.png
./files/46/assets/img/common/mainmenu/nogizakamall.png
./files/46/assets/img/common/mainmenu/nogidouga.png
.//j.wovn.io/1
./files/46/assets/js/lib.js
./files/46/assets/js/vndr2.js
./files/46/assets/js/app2.js
./files/46/assets/config/apple-touch-icon.png
./files/46/assets/config/favicon-32x32.png
./files/46/assets/config/favicon-16x16.png
./files/46/assets/config/manifest.json
./files/46/assets/config/safari-pinned.svg
/files/46/_pre/blog/shiori.kubo/img/2020/06/12/4714023/0001.jpeg
/files/46/assets/config/favicon-16x16.png
/files/46/assets/js/lib.js
/files/46/assets/config/favicon-32x32.png
/files/46/assets/js/vndr2.js
/files/46/_pre/blog/shiori.kubo/img/2020/06/12/4714023/0002.jpeg
/files/46/assets/css/style2.css
/files/46/assets/fonts/icons.woff2
//j.wovn.io/1
/files/46/_pre/blog/shiori.kubo/img/2020/06/12/4714023/0000.jpeg
/files/46/_pre/blog/shiori.kubo/img/2020/06/12/4714023/0003.jpeg
/files/46/assets/config/manifest.json
/files/46/assets/config/apple-touch-icon.png
/files/46/assets/config/safari-pinned.svg
/files/46/assets/js/app2.js