/files/46/_pre/blog/shiori.kubo/img/2020/06/10/7816813/0001.jpeg
/files/46/_pre/blog/shiori.kubo/img/2019/02/22/1498348/0002.jpeg
/files/46/_pre/blog/shiori.kubo/img/2019/10/18/0499951/0002.jpeg
/files/46/_pre/blog/shiori.kubo/img/2018/12/24/5858999/0003.jpeg
http://dcimg.awalker.jp/v/JQYxLpgzx9sqe7qP9IyAJEORsAYEQtKnJeDQXPLJpEe4OZ3CuXSGAwmoRzRDefvKkLPdw4xiaL3JW2wOoKvieuq5ALM3JdBsrOJtttnCgxwqFBXXGQWceyO6lCWR6RqY82LrS87NDcQS6snBOXyf2aZB0Gl4e2eTLYNb5QtshF1NKwzmSmjd1QcCA22bNPbqT3WUFWiY
/files/46/_pre/blog/shiori.kubo/img/2021/02/28/1068328/0002.jpeg
../../../..http://dcimg.awalker.jp/v/yzfZeEcUmMwn9ZTKxtzaYg9jWeoPXnGPJbaFZ6QJg4tZkf5PoBodzjtGvV2YFm4wZOQgKbat8ip1NeWBM4xJOKuOf7gbCvKNWrfpUfzdxQQoY5iTw0Sz4rCU0P42KN9vr1jKzChCKpFzpKLdSUjau6WF4UbfL2r4TVagnETCitsEQ78K7C892ppRFRYngMxvlTBkZKAT.html
/files/46/_pre/blog/shiori.kubo/img/2019/10/18/0499951/0000.jpeg
/files/46/_pre/blog/shiori.kubo/img/2020/09/18/2194058/0003.jpeg
/files/46/_pre/blog/shiori.kubo/img/2018/02/21/8035523/0001.jpeg
/files/46/_pre/blog/shiori.kubo/img/2020/04/06/7201667/0002.jpeg
http://dcimg.awalker.jp/v/WLkdyde7GQaeqAy8eWymr2ZpcZl3s7nMlKiX908DtdeWnUahre7EzlwkOusTKEa1jHrllAVTye52fksvNNI9oeahlPjHoGcn1WxhAnhXZ7ekVURrOoX81eJJXPoJZAReOtGDBaINmHHFOjCgtifpeXNu0F02DxnOwZkO2eSbSgyFxIKi9u7dGvH1dFwSXCj2am9BB5he
/files/46/_pre/blog/shiori.kubo/img/2020/05/26/8964922/0004.jpeg
/files/46/_pre/blog/shiori.kubo/img/2020/06/24/9115227/0000.jpeg
http://dcimg.awalker.jp/v/mYWDVXADEfNpMxWwtneSCqPKXcTqonPRxPse9MuywE92O2Dgr7ukazqssWq9beaIveCJiX6xjnBGBfsQOMYpQ0YFN0wE3uT9uc1WfsQ6Ue94ObcBGO8FhErnTQIoMfqWt7bURZ1nFez5AP1qaOHVTwv4cRuQjoK88xvy0pjnm1xtBpk6PYurVwbzztXfIj4Pu1MEQN5r
http://dcimg.awalker.jp/v/869MsqsntXvVB0ow8amQ3iAAqrKcKZhQhKlqFbJaJNjFJyHv5oKA2f4eJf3WFwp9GddH8VqCmSyqhlJetjXlrMJiBhftpsSwi7Ra8pdqxToS2Tk1hCBopYxo3V1VYua5jteJCZN6sXmHj8d5mqCsE1gjuEy2cjSuaX3Qs1hXcfdgjUVyYMde3wdH1gf32fRbJalMk4zB
/files/46/_pre/blog/shiori.kubo/img/2019/09/05/8898933/0001.jpeg
http://dcimg.awalker.jp/v/lsivNHUUlpohgnlrQKZO7MYybWsKL3uxrirTV9cjyFK1oSVslNC8Q3M09rOF4NJ4FzFELaIJtMys1Xu1jAleul3OfiNr19WHNEtv7AONmS8UafNpts3mD2aAGO2opUXHJRNxv2DpNkRbgHoRzRNM1C1jgCHhuMsjKtXqWBl5evaJfynBvRKaBBt5N7fwelnSEy43ZeWa
/files/46/_pre/blog/shiori.kubo/img/2019/03/23/4670482/0003.jpeg
http://dcimg.awalker.jp/v/t2EhyeWKrfWLKsKJR9Ejjv5dhO3QHl0JA4SyoKkyQjN9KKEQ42gyOVPjZy2zWLGTPnhmvWeH5XVRvSMrPiLg0A40l0v6rLI9RinWO5gfkY2gerJyP0txKhMiQXtX5KvVlshZPSBrZMRHdNxgWxQCxSVDl4GDEqPTkjubXN64uL8sn6LCWFr1YUkEtWqDwkj09hwK8C6B
/files/46/_pre/blog/shiori.kubo/img/2021/06/06/6213357/0000.jpeg
/files/46/_pre/blog/shiori.kubo/img/2020/06/24/9115227/0001.jpeg
http://dcimg.awalker.jp/v/82qTvbpEnVKlWgNjYpGg6bcr6JfMqGdoB123mdGx2EPR8Y4i4NzhsriG1aRvJLYqwqL2cQZzUfo6g7dIeMejBJSO4nl0WyjoBAnjigoK8h5EL6SoyUm17sKBvtf6uK7qSMguIaEyAbYp0mZJxweLRvzIwTNbVy0lxwDzmexMQVnGbiTGoWjKONQnIgnCmiFN8MjYCBjd
/files/46/_pre/blog/shiori.kubo/img/2021/02/10/5769844/0004.jpeg
/files/46/_pre/blog/shiori.kubo/img/2018/04/08/5186291/0000.jpeg
/files/46/_pre/blog/shiori.kubo/img/2020/05/26/8964922/0003.jpeg
/files/46/_pre/blog/shiori.kubo/img/2020/04/06/7201667/0001.jpeg
/files/46/_pre/blog/shiori.kubo/img/2020/03/21/9737457/0001.jpeg
/files/46/_pre/blog/shiori.kubo/img/2021/03/26/5065353/0000.jpeg
/files/46/_pre/blog/shiori.kubo/img/2018/09/04/4804843/0002.jpeg
http://dcimg.awalker.jp/v/O7UWsLYWwDboGtZnzRONZrcmBNpJ8keCaRsUTJJg1d5LoagUaJxA1APszXzCt89q3BZZ7DNjvUFGlJwbz7m1LYu9uYZKTO2i64xfTA0AycQIHWFprEzhGF6KeRoE2iizhzDpGNUvwKq1h875folK1gWLtHKUl1bl2bXUNABDQOcGEeFjI7qtal4aYA9TQD5tAp4C7OU5
/files/46/_pre/blog/shiori.kubo/img/2019/08/03/2666350/0002.jpeg
/files/46/_pre/blog/shiori.kubo/img/2021/06/25/2790526/0001.jpeg
http://dcimg.awalker.jp/v/DyEwaF9PcTJMEmnvS6zwEwKvXZdxX0PzYU5q77nJ6F31CkO8iGcWeymb5mrcDkTgJ7cDEuMpu2uyQAV3u9dvnufyPupRl4fcWICFeUSpdtz20kx7sfzPs40WIF3oEezZKfLvdOPI91FOWQxAMt8KvfYn2AjWLOpGuybnuMFwK9uFhdiV0o63ncwO2w1UmYJiPSQEXuLQ
/files/46/_pre/blog/shiori.kubo/img/2019/10/18/0499951/0003.jpeg
/files/46/_pre/blog/shiori.kubo/img/2021/05/08/7557847/0002.jpeg
http://dcimg.awalker.jp/v/Kd9fOPK6LpbjUfRQfSWF2oiQfjcLBvULxO3iECMKvsq6nYYxmiI54ma2IGWgou0Y6wfCI8WmajDHFHIoRFW3LvrxEEaXP7HxLkHI7cNkVx5bmhxcbgqoDNPQfT4foTkUldRV3ki7jD1678VOWSvUXZNErmGpMzUrMCSI5tyctM5fegqE4ZtT1ncfpjhae0DOPQsQtxBW
http://dcimg.awalker.jp/v/lMbLDOGSxBVtvJ1ODyoBHQjB8OMKs3ZojKXqOPiM05ukWoKwArUqLkL9kkfRmArCEhpwi1PZDroRcxEkJan3bHkdncERb2Ww3JP9cQRgiND96LREKOGzJSolnfHzpPBeiBMvfLgkmPjnH1pVjgJ0X5t4yBxQzXvHgSAYoXYxxmHQ5TKi12z8Graag1RT4jyGt3uLcBP1
/files/46/_pre/blog/shiori.kubo/img/2018/03/14/2168481/0000.jpeg
http://dcimg.awalker.jp/v/SXYptzAcDBkefVFvySiHbc3O7327FFYtok1XYV5vEoPlKBakKAp2U8xjGDCnpGKrnk2NCbjHFJjichTH4tuxCZowXN5suiUWgUe20Uhjy2YcSP1E4fdvfXqN94MsXuPNGACrhQFDg7seA6kzLo1x6lJI0wTmvwNwnJuRFrrzKINnqVzUi80qUXT7oHOdJb17zpZeKt7H
http://dcimg.awalker.jp/v/6olhk7Re8Z1CM9FyC8FOv3uFDlCm4Q4QWJQkoQFYAFn0UMmAWSRmZVGSPqVuGdt7onUyvFlTV7J88xjSc2bmoMNPmFZo5k6oma0w7U552UjcnlhxgNbRmgLyTvv6uyJzNEl3yOQE53E25aDglzrOaNytsHTC1BVYLPfc0aE8PZeReBG1QM0Y4BSjCxrnw3QXLqgZje20
/files/46/_pre/blog/shiori.kubo/img/2020/05/22/2811083/0003.jpeg
/files/46/_pre/blog/shiori.kubo/img/2019/08/03/2666350/0003.jpeg
/files/46/_pre/blog/shiori.kubo/img/2020/04/15/3584227/0001.jpeg
http://dcimg.awalker.jp/v/2XWTsoM99kIbVsYFLOluUoFylxMtb55Eie6A9aU0ecDbYnNSLes4Ruzu2fWnOTXd4Z9XQ4PJIvhLgMHhwldIk1LZsnsceIPE8SalbdLqrY7aARL8EepVpGFHxbv6fon8XYY5I2vPrEk1ADuBWnJM4F3uGWhYYdVOdLz9upgACjf5dojFEW44XTarZhlbghPMmjgTPHz4
/files/46/_pre/blog/shiori.kubo/img/2020/05/01/2851857/0000.jpeg
/files/46/_pre/blog/shiori.kubo/img/2019/08/29/7064884/0001.jpeg
http://dcimg.awalker.jp/v/htMNCviOSIqS4oXmXNQmO70w31MkeHnJVYCapG3N3AmCnV9SeGQWYOv9G0ZI7pQPVIIiV2rTA05zwhpxUsAPBVJJCMWfjjivuqdhoMwm7p5Gavq7kGZkWHQYFqChbwVfqUK9ovLTQMAt1iv6ijHrNkB7z3RIyvKK6gvXuTTvY4BvSOg21QmlPc6iJibrORwTRgt1KCZG
/files/46/_pre/blog/shiori.kubo/img/2019/11/07/3003450/0001.jpeg
http://dcimg.awalker.jp/v/UuHvzoyWSTqlEixpgh1WLgh4sjcGxKGniwAGSW0CxSEOlqfVVy9zQsnCe1X02g9lsgitYqUqRnWBjnKjgvtkXoUlnBYuOmw8iQjyLWuHmVYZegzySgQ268ADsReNupOuJxPThw1jBL6H37evw8UF6s7cORKkVMya1pWHMxQtIfvtAZwOtlr69EP13z8EfSqKrNspYyBV
/files/46/_pre/blog/shiori.kubo/img/2019/11/07/3003450/0003.jpeg
/files/46/_pre/blog/shiori.kubo/img/2020/08/30/8558929/0002.jpeg
http://dcimg.awalker.jp/v/kvtrDmzcWXKw0GxWwnfEDLlAMoNfmvSp5WKrHm55IeQZWxWTFE6i6zTGL3dynFxtDwMns9bZSXnmrPqdpXam0cYsggSVcIEAYocLNvIM3cHkhMse1YCnTWmNzgV3dwj92U7d4iwC8rNkO0c9gSM0ZUCHZuydSaOVgqazq2AKNTm5wJQbT1I0smGmJGhGZ2y0lm0TnZOG
http://dcimg.awalker.jp/v/tQQetMnmd3192NuoYO29RM9IQ9n5MCq7e0UdSw4tDjROKEdaHD4PvC6ahYh7bbEfE0NmiTXPqQVGMPl59TBbhlARMY8Ywgu4bB75p4ihQaobNVYqYlJKx4U4xbzuGzT4AweCgs7depQFnEbWL1tKpoPpomgiym2GLBDOIPrW8WDURjrh9kI1AoFgUhJGE7GS2V8ij003
http://dcimg.awalker.jp/v/8oNTl1genkdGCixnuTX36LXMhcIrQBTXVvZVALwz12rTt5tQtukusVT3EN2qjkUp5LsLCD3s7pdHts2QUlEczhRwjRX4iSh3NwdXifzP54VzX6ynIZQhK62Gh22JMLQCUjv1K56C0ZTpv19rWt2K7q4D3WNlcguZ7uR4LwMi1Gmam43RWnBcS1YCmUcNsVrNmKhn1o4F
/files/46/_pre/blog/shiori.kubo/img/2020/08/26/3208100/0003.jpeg
http://dcimg.awalker.jp/v/H4jURBWsgsgyzaBCyiibFQg3lRmGCy3zKqYAnLnMecVHfa75UIj0GzJNmmd0wfyVv13vEf5arhAD5UFv0taGtInCKAdHyMcNAapwj98FsfAw4IWB1Zc5DafAumb0ygaEmSTOJ2ZwYD5qfPTeCxF9nwLhWlJzyq6hNLseRrqHM1D4X9pZDFLAw3CgKmC9QoJVCuKMUBvY
/files/46/_pre/blog/shiori.kubo/img/2021/07/03/0814651/0004.jpeg
http://dcimg.awalker.jp/v/IIkMaa0Pv7cyW0fqtPRvEi58Z3mRwx9c71Qv4wFAUd3fV02e9kfWzVekzpwJGqeku7Zhgba9LRTtF97hsQxs596oOeKneJkTfyHtU7qTYqbF6qEGKmPnqgQiOXCxIc5s7CvWy7u2H1LDg2igJDtz5n23hqTXP56aUE9whJ7iFpWJGt1kV0PnI89wIcpa9c6ZKDUqJsV2
/files/46/_pre/blog/shiori.kubo/img/2021/02/10/5769844/0002.jpeg
//j.wovn.io/1
/files/46/_pre/blog/shiori.kubo/img/2018/11/15/8194187/0001.jpeg
/files/46/_pre/blog/shiori.kubo/img/2020/04/21/6548557/0001.jpeg
/files/46/_pre/blog/shiori.kubo/img/2020/04/21/6548557/0004.jpeg
/files/46/_pre/blog/shiori.kubo/img/2020/08/26/3208100/0002.jpeg
/files/46/_pre/blog/shiori.kubo/img/2019/10/10/7636317/0001.jpeg
/files/46/_pre/blog/shiori.kubo/img/2020/07/15/1095334/0000.jpeg
/files/46/assets/js/app2.js
/files/46/_pre/blog/shiori.kubo/img/2018/03/03/6808980/0004.jpeg
/files/46/_pre/blog/shiori.kubo/img/2018/04/17/6317454/0001.jpeg
http://dcimg.awalker.jp/v/ltZ96b3rJGLx52pP25MRX0lbiEh8da8dA8rxZkSXhFPPE7rwvJz29EQM6Fkwm93PR1W6AqdOutqD9jPT5DFNMtvKuYkx56z5nrANDy5XYEACnjleRyfoYbzGzjWumXDf4tPdpN1fHdIcInOkrzkptusGbxHEAO7pGAzCbwjUtPAznOCxijFIGa8oPlSgGRYePxxspJBn
/files/46/_pre/blog/shiori.kubo/img/2020/06/10/7816813/0000.jpeg
http://dcimg.awalker.jp/v/cFNOnvaLyxtnIk098YBCfrR0vEaeEWA1XyylDWmS1KSb4UsLKv2pyG4U1xMOV1EEGXsPbtrOF4jywmzdoAMmR0FhuH7xj1mlDVZuUMN4EWaz9OB6eIIdLzgGN8nLTALTrxO1gCRR9SdL95hApYTZAkzBAHizFkuRSIP2mmqwrvyyituZt5crm4SnbWtG9alnbYLXc79t
/files/46/_pre/blog/shiori.kubo/img/2018/03/15/1510700/0002.jpeg
http://dcimg.awalker.jp/v/DqSlj4FeuyDT78UIB9YhCQ89eYKHIDVeLiz4jbRZgs3c7iYn0qaTfHrBpC3LHhxuFBioUsDuNjuzTtfjsjyxb2W1sWmQZwhnNDORuICUVvAiY1tDakc6TDjRZHn5Lw1eTIUPFbFb8OA3aDAyeCEtSLNCArlyhULLgmnjhnGjJzYcVKuortyn2x0x5vfI67q7krM3SkeZ
http://dcimg.awalker.jp/v/kWCcDmu4LBi6MciazbeRLMN5zyqilaXEXJGztZkAEz20Js9gZw9OkIIc8P4FeBIx9MW9Jdhj3wfNEFkx6OWA2wvxI1az5bAK36gK2gV1rZht2KzxJfAjaKDg7iDo2MgfUy06cdJyI6Jskoznkpi14eMnrSeykmXDv42SWckpzgQeCnVMBBbnWaomuYrbJzKUxRZYKGn9
http://dcimg.awalker.jp/v/KLI2sHlNxLPGPUx4C0gA7h0aD1PVn0lZrkMcGahI6StEHHRGbusZfmzgn53f9OEvzLG4Oj2IkWPoUYXR6j77rtbyUozs8sObHFHWhp1hPZvOJCVENYgmtzBo2KCepaWWLvhICJf8kjjtTmqDZvZqrcay3GmAbTsTy2tAl239wCWHx9cH2ta0Qi5EJGsbWqCCBRiFxU4M
/files/46/_pre/blog/shiori.kubo/img/2020/09/04/2035276/0002.jpeg
http://dcimg.awalker.jp/v/rmKzxz0WRtpm4ckhxXrMv6gJmk4oArr7uMO70MvOR0zRy6sX3rHa8Ik7Ru5UpM6mR9O74Af1wp4qJ99WeT9ZzeSYH1khJqkExvcwbpDyk59HC9Jf0H13JgS5XLm1PYp7nAx4ttFa7oLc8CEDjOAeArgYa5akNL3jZbTJPkLLXTUaIb7TqBUR4lWMNCE2nvvzh3LyKneb
/files/46/_pre/blog/shiori.kubo/img/2019/04/22/3525383/0000.jpeg
http://dcimg.awalker.jp/v/IZxXdBH1ExncP9OnGNAYIhNkrUZ3xEBunItOOOe3ORTU432fyILSuxIFoRNp6gCNvXz9QUhklpLrfgFk0SPyAIKzis1QzibD6qNyLm5Ojfunqdn8cVnEwSyKX39J6WEhvHdnkFsYWoXyvqRHwaF83SNIotFrt6X4fehG6xpCqezyt3QAMvhhr7nHPn7kvtkmwaqQMUVA
/files/46/_pre/blog/shiori.kubo/img/2019/12/02/8648270/0001.jpeg
/files/46/_pre/blog/shiori.kubo/img/2019/08/29/7064884/0003.jpeg
/files/46/_pre/blog/shiori.kubo/img/2018/03/03/6808980/0001.jpeg
http://dcimg.awalker.jp/v/KCGcrxl3ST6VcixDKj1vnYDm0oyV1A5Oo8zoLUyAFo8v5s6RTg3EVNTisnFpS02uwkqx9nZRObkEanz6R5QTSNGjfKseki3J8bOmuqrDwg69pyeaEEu3jByUH4uOx6bre1twICaqgu5yItI1ohKsjWpYKgzsGA4ClRTFPlJg0Wm7HKF6HbZom05PdaePRD4Uon6kIirJ
/files/46/assets/config/apple-touch-icon.png
/files/46/_pre/blog/shiori.kubo/img/2018/05/24/4909535/0003.jpeg
/files/46/_pre/blog/shiori.kubo/img/2020/08/30/8558929/0003.jpeg
/files/46/_pre/blog/shiori.kubo/img/2018/03/03/6808980/0002.jpeg
/files/46/_pre/blog/shiori.kubo/img/2018/03/22/1948598/0002.jpeg
http://dcimg.awalker.jp/v/sQZpiMMLSHKMUfySEVNtufSAk0bYKvs7G3Rq5ZlKc0vM4mdkQGZLaY3ADmsk7SaO0RJqFM4mSJm3rFBWi528p3oKkakra3dJc1XtcwAulnWSu16euwsV6LI1NXq0FtTabxcatQYPKtIypPf7Hip1ruKdb2kg9bm3T3aunagvttlSDTfOsycVs1VOf3nfMIoOKmjeR3HK
/files/46/_pre/blog/shiori.kubo/img/2018/04/03/4373154/0000.jpeg
/files/46/_pre/blog/shiori.kubo/img/2018/05/12/8105144/0004.jpeg
http://dcimg.awalker.jp/v/zsLXSUgLvNVFYAoZA0EXjjSYCTVNyBPfGTPDFN7gdMnURadVzPCiNpA5GqCb61xWlqqTbxnOYCc4Pqh0fzmE18tyDa5ECgYk239IBOeSulBHFVSaE2KzMWqASOr0ACcq60WhPWINdjJW5D3CVMfCA8UfgBBTbKjuQAiwPk9X1KU0DGs8fQGQFVWCzoAc9j37BL1WEfhx
/files/46/_pre/blog/shiori.kubo/img/2020/04/15/3584227/0002.jpeg
/files/46/_pre/blog/shiori.kubo/img/2019/10/18/0499951/0001.jpeg
/files/46/_pre/blog/shiori.kubo/img/2021/07/03/0814651/0000.jpeg
/files/46/_pre/blog/shiori.kubo/img/2020/04/09/3332387/0002.jpeg
/files/46/_pre/blog/shiori.kubo/img/2021/05/01/7577510/0000.jpeg
/files/46/_pre/blog/shiori.kubo/img/2018/05/15/7717766/0000.jpeg
/files/46/_pre/blog/shiori.kubo/img/2021/02/10/5769844/0000.jpeg
http://dcimg.awalker.jp/v/XTfXqWsICtEMW0ZpMvamQyfJnwvOXUX4Xa0q4lzss8WarumhN85fcZhVb1M3ZmljwXzEMyV8IMrTbwKyOmHdEGKYhTKqeCrlyQGF52pVMTos7JEtC5QK377WWhHo4KE9yf4d8i6w8JVIBBS5Wuq3bpHGEoUGJEaVOt83njtmjf3VaQD1CjoD1hOUTI9GNePKIUQ9pbOG
/files/46/_pre/blog/shiori.kubo/img/2018/03/15/1510700/0000.jpeg
/files/46/_pre/blog/shiori.kubo/img/2019/08/29/7064884/0000.jpeg
/files/46/_pre/blog/shiori.kubo/img/2019/06/14/1719467/0004.jpeg
/files/46/_pre/blog/shiori.kubo/img/2018/03/20/4648774/0000.jpeg
/files/46/_pre/blog/shiori.kubo/img/2021/03/09/7124567/0000.jpeg
/files/46/_pre/blog/shiori.kubo/img/2020/02/02/5242245/0004.jpeg
/files/46/_pre/blog/shiori.kubo/img/2020/03/03/3371167/0001.jpeg
/files/46/_pre/blog/shiori.kubo/img/2018/04/03/4373154/0002.jpeg
/files/46/_pre/blog/shiori.kubo/img/2020/05/26/8964922/0002.jpeg
/files/46/_pre/blog/shiori.kubo/img/2018/03/20/4648774/0002.jpeg
/files/46/_pre/blog/shiori.kubo/img/2020/08/08/7225396/0004.jpeg
/files/46/_pre/blog/shiori.kubo/img/2018/07/18/9852637/0001.jpeg
http://dcimg.awalker.jp/v/A4wZYjTblUaNj7UfZAUQBm4HRtU3P5933lnIMMdejbYnPZ6hPSSp5ln5qjFpA6BMFG2VxtDiVoshQw7AyqF1YpZiwOQzMU3pIiEAwWSb3A9CpNG6UZ2RaHSvDIKWiReSlejQ3QVgEtSrhBxApbGCespVUVXJLco5jxYb0i7ZtHRSw3lD9LT8bn9fakZ2vwMo5TVxaZTH
/files/46/_pre/blog/shiori.kubo/img/2020/07/27/4906010/0003.jpeg
/files/46/_pre/blog/shiori.kubo/img/2021/04/09/6441221/0000.jpeg
http://dcimg.awalker.jp/v/cV1PXCadfFpNLz7lPY3IUOSKB80f6DlGD8erXiE4tXQTVgmc4A1O2LSDVs0ts1TV1YnjvLgjPw1jZMOyGpYx15u37c9DwS3bqcoIsFTT6bvBtPU5vXihhHVKzXkEh4SYSn7gJH8XQdobqGVdMHtivB0Ynrakawi6it0AKvlwX0ttGqmTAdKqjArY9TmlEUptnvAbByGB
/files/46/_pre/blog/shiori.kubo/img/2019/08/03/2666350/0001.jpeg
/files/46/_pre/blog/shiori.kubo/img/2018/04/17/6317454/0002.jpeg
/files/46/_pre/blog/shiori.kubo/img/2021/10/08/8799989/0002.jpeg
/files/46/_pre/blog/shiori.kubo/img/2020/05/26/8964922/0001.jpeg
/files/46/_pre/blog/shiori.kubo/img/2019/06/14/1719467/0002.jpeg
http://dcimg.awalker.jp/v/2yjhVF3BQ0NkdHV57i7JEGz85Ficz80nKQ7gFyXgdWvToYR9JtLgt5Jy30DGqEv94ULgOuCYnUXH13g8fQchJFbeM4IrgVSUnMvbgDK886h1xrjNZSZdzvFYajDscOTYGCcK08wRkTDI2CQpmipyossSlepDzWAC9EEqpL92g3kMcfl6sf9uanMFMfmoIyt53GBKJPcr
/files/46/_pre/blog/shiori.kubo/img/2018/02/21/8035523/0002.jpeg
/files/46/_pre/blog/shiori.kubo/img/2020/03/21/9737457/0004.jpeg
http://dcimg.awalker.jp/v/yzfZeEcUmMwn9ZTKxtzaYg9jWeoPXnGPJbaFZ6QJg4tZkf5PoBodzjtGvV2YFm4wZOQgKbat8ip1NeWBM4xJOKuOf7gbCvKNWrfpUfzdxQQoY5iTw0Sz4rCU0P42KN9vr1jKzChCKpFzpKLdSUjau6WF4UbfL2r4TVagnETCitsEQ78K7C892ppRFRYngMxvlTBkZKAT
http://dcimg.awalker.jp/v/QbpAzxSHaZBbyt5ls5I4ifSeZicCQnsG5UmYGpwlgBN0MKQ3pP7REAfiPQrC4awQ8BWTj9VSBVq74Dvu7N4aeJIRqZa5o90cwKExdPbcinUs4tXRMb1fFxvvgRKN0g67GYS1GAdskvloJIO51Mf4Lh1s5hZAZnEzDACT5An6AawerkoXmyaC2nF2roHwxmOJvrrSy7Tx
/files/46/_pre/blog/shiori.kubo/img/2018/05/04/1770169/0002.jpeg
/files/46/_pre/blog/shiori.kubo/img/2018/05/15/7717766/0002.jpeg
/files/46/_pre/blog/shiori.kubo/img/2020/08/08/7225396/0000.jpeg
http://dcimg.awalker.jp/v/k8NcuCr1olMzDpoN6LkdHi0g29MAYDp0TAAQmyjIOAiOI1nLBsnbmOjXeStHKXt3pwvCeszl2hPjHESK5TN39uK5jcIGtmX0jblux0t9Rlb9Q4RbEEgfHseMlqAJLnpTWWIKED8kNelo0UQTlwm9c8JVKCr9LlvNPES1FYH5MdIQYB55XmTYQgr6OBNei5JlXy1LKf2q
/files/46/_pre/blog/shiori.kubo/img/2020/04/09/2991086/0001.jpeg
../../../..http://dcimg.awalker.jp/v/7d8DLcp5MDssbGWGK3ijHhDHyTmiq02GiKHrER7dkQKJ2a0MycW0PiwzvVrhFoRZZkneiLwPsxUvEfEkVzVBN92NLBsbP2O0b1LTxwdzbn4OOz9DIaoVGAuw6Gb9dDugH7wqEmOtfsMXyVWze7NA91ttJs31eLJjpQIxJ3ne0vQMax72KRPf0mTNjIX4c9h9XmBX7k4A.html
http://dcimg.awalker.jp/v/Ye8gcvT5NiZbloz8frxTUHb1iKwJbD8Quc7Ht7OYpX6thzP5L8o1QiEfpnilCrXxbPmcY36Yh0G7VKHD2Cs033JugO7juOBIyAtTnPueUphZl8V5Kjv0wiabK4cseSEc7G7x813hdGR7suM2Uwqtu5QXRo2iIZk0jpuRSE8aEeoA3V8WZy48bR9kfMDGfOGGSfTwIo4I
http://dcimg.awalker.jp/v/dfOjonvEKK9NQM0MphTMP31hbHxNwKrdZfaVj3g077EELu4TD5FLHiHw2pjFp0DeYlI9ActS9ei4h8N0NX3bGOp5bjnyjDsA4zniDhb7gwZRhZTwYbI19v7Cj9lHPV78xtfznQ5hmNwhZgrUEFYIaQ3eZAQDcp2D6Ij8iYMYuYBhbYyA5q9WUUFLT6NoMEwQZ8jwecbJ
/files/46/_pre/blog/shiori.kubo/img/2020/04/09/3332387/0004.jpeg
/files/46/_pre/blog/shiori.kubo/img/2021/04/05/1783098/0001.jpeg
/files/46/_pre/blog/shiori.kubo/img/2018/12/24/5858999/0002.jpeg
/files/46/_pre/blog/shiori.kubo/img/2018/03/07/2345330/0001.jpeg
/files/46/_pre/blog/shiori.kubo/img/2020/11/09/2263664/0000.jpeg
/files/46/_pre/blog/shiori.kubo/img/2020/07/15/1095334/0001.jpeg
/files/46/_pre/blog/shiori.kubo/img/2020/11/09/2263664/0003.jpeg
http://dcimg.awalker.jp/v/hTkPGESzHN5JEDHbZZwjV5ZeU1wV1DDzubJSlaKOMP85kpt9SS4JpY7fzb4iSgz9MkErO9fglHo8oT7rGqj3I8ZJlaYHRKhdzn5myTcGVSS5iIRfhaeqAJBLhF1d445sI4aliFvFNv6qjVlrMdb2Z5lfWC5RYSY9exQAEtyP11JgXVHERN3R4q9wUXei67LUcMLlFnwy
/files/46/_pre/blog/shiori.kubo/img/2020/04/01/4198936/0000.jpeg
/files/46/_pre/blog/shiori.kubo/img/2020/06/24/9115227/0003.jpeg
/files/46/assets/js/lib.js
http://dcimg.awalker.jp/v/UfblbRbit32pd53rgcC5vDj5OIFja9RvAsZjNBYtveO2VAplss8E42FdRnu9UdNoM7cXJiDbc7Spili1UolxUNQC2F3EUGIe8CCrnqZAfOEqNFBQyvNiz58sqXOFelgPqO1ZMUzX4gW2kDecCQ1fESvsyRc1xIH4VZ6kMNoLzo7MsU55PNunPseA03b98ib1raRd6uyA
/files/46/_pre/blog/shiori.kubo/img/2020/04/09/3332387/0000.jpeg
http://dcimg.awalker.jp/v/cMAEdmMPqM27hpkwztojaNziZMCIbEfxztfuKg56EaiCh20XfgfGw4vLSmdosvHObmNbf8vBAQtl4QomeslipRtm1VPO8YVeLfIAE3vSBW7NTEzfwLKQ2sofAgciAYkGREJclPm4mzAknvkhzJknYifTIu1s1QjcNGuCdltwhxijnwm86bnxGDGCLjdcNCupf1WTJyN9
http://dcimg.awalker.jp/v/w5Rxbj5Yr8T5ojDk8JshJoiUid1TVuMPVu9HCK7Tz86Mu3PF3OysstcAk2xd93CMSxdumX089CxF4cX30Lo7HMXjmknQPdjzCDkW9J07MrghAP935PYBLId7DBw1SygdRMALxiZgmX0B4770y3hUlNFCAoexD3KbNthcF42YhW1ZjJASCD3LDmz7Fu7LoAdYYA6r3Rol
/files/46/assets/fonts/icons.woff2
/files/46/_pre/blog/shiori.kubo/img/2019/07/14/1462752/0002.jpeg
/files/46/_pre/blog/shiori.kubo/img/2018/04/17/6317454/0003.jpeg
http://dcimg.awalker.jp/v/hDqWxNGg8URQ5dPsqTorgnFIfJJgfBKuftnmbTpYrft0jKWxj1yi2R19Ys6KBB570YLeme0TKZhkw6TwL7ckqaoqJ1FxKR603DZJ9wL2p8RAb2BaDW1pZk4QkFPUUqqVjA9ANqOYpj2T43GsdJkYhM3ymV9NNf8rOlyleZzpVoAXAWgSF3JCmd32V8vw9DUROcbmWS2R
/files/46/_pre/blog/shiori.kubo/img/2021/05/08/7557847/0003.jpeg
/files/46/_pre/blog/shiori.kubo/img/2020/04/15/3584227/0003.jpeg
http://dcimg.awalker.jp/v/Z6Vc1KceyQ1I5cLrZ0K0ddMTY3rlwD1FlxEXcV7AnaNAnqGctPVv3l4mJqRZbYsDIZ6cmPGKruNCo7T2oWfHosp5ciQfKBA3wTbgg0EPp6cVWs26gkX4Gd3mb7t1LK19QVSBEHWs6X9j5uvBTQDwcCcXiBZQLQqd3m7syBt3nKGEHaLOQMBHxBdjgjrPC9IiPOHCJ9BF
/files/46/_pre/blog/shiori.kubo/img/2019/03/23/4670482/0000.jpeg
/files/46/_pre/blog/shiori.kubo/img/2018/03/22/1948598/0001.jpeg
/files/46/_pre/blog/shiori.kubo/img/2021/02/10/5769844/0001.jpeg
/files/46/_pre/blog/shiori.kubo/img/2018/09/04/4804843/0001.jpeg
../../../..http://dcimg.awalker.jp/v/KsAAOaMrEh6alIvG5zRWgfeSDeBVaCqgGT101KmuyzJO8fjVRiW4f2UT6e1xMCbGGIweQEyxCBLkmzIwO5PLupvWP7eNBTEnVhfDWXPGGWpUu6WcNp4wWWDqNXzS10jrT4d3JpJeAWC7WasTWOM985vPTmQHMWFr5e2BXndbzb2T1JJ5gLrY5XohIx6ltrvczi2SGKrK.html
/files/46/_pre/blog/shiori.kubo/img/2020/08/08/7225396/0003.jpeg
/files/46/_pre/blog/shiori.kubo/img/2020/04/09/3332387/0003.jpeg
/files/46/_pre/blog/shiori.kubo/img/2018/10/01/8467386/0000.jpeg
/files/46/_pre/blog/shiori.kubo/img/2019/02/22/1498348/0001.jpeg
http://dcimg.awalker.jp/v/wKQ3HiCa63QdHUhSg9eX1b3TndlN4ZDtSQvTCh317AWYaiI0Tcadyqnq8sgVv8TWN4AH5Dvlvio8u1Z0M2hnnQAhM2T99xKZA7dWqVvwCLd1xKardhOEUWx2XSs5C5ytDLxWywwNdcjt0kCReSDADtIWFZBLH6r5wgjPKuiy0Uvc22SygBBZ7ADoo6dpZAb8gXNXkbnk
/files/46/_pre/blog/shiori.kubo/img/2018/02/21/8035523/0000.jpeg
http://dcimg.awalker.jp/v/tGaacp9jwX5hMQS4plbfgBIgepI5OKkpew8i43VNneYy542430My64KkNkblyEmgv5JcWA5gJmY3AQdhAymnRRN6g3LOeZovzwVvAFn3gSOPZDKlLQjdJCLtJiRvaPPBm6iBtxCtyasbztU7C3ks2A1Af2aEQkGJfpUdRxRgM5ZAT1F1XVFHcNpd7f2UZ6r0fNwNkkDJ
/files/46/_pre/blog/shiori.kubo/img/2019/12/02/8648270/0002.jpeg
/files/46/_pre/blog/shiori.kubo/img/2018/05/06/5452589/0000.jpeg
/files/46/_pre/blog/shiori.kubo/img/2018/03/07/2345330/0002.jpeg
/files/46/_pre/blog/shiori.kubo/img/2019/12/02/8648270/0004.jpeg
http://dcimg.awalker.jp/v/Hn48TJ9u24dP6XBwKLaQMmFSuk19oFUc6k5NFYyOK8u2KokSQqc3UJRS3tcLjoS9jOSkhp7psjaMvAtnZZwpYxXFGQyrN0175DJEq5iEbVHo1pXjgWixovZ5mhBB3MFUJsXAzRVruN4AArMNJWPlz7Rv0A5CGx60Sxn6iL0gI3KfBmUOqwyEo6mNo1rYS8UkEfRfTuGZ
/files/46/_pre/blog/shiori.kubo/img/2021/06/25/2790526/0000.jpeg
http://dcimg.awalker.jp/v/R8nlzkIvMTV1OKeiuKLNV9DUrhrQugngTtuDTZug8auuhqgvCc7Hh8eMNJwtgb1IwuxIAEyDgsCyikQUWYLSoImETvysX5XSyTuuKUJ6m8GhfNnQEZoRmGQPAna2H3e7UZXoBDM9hipQY3es4DLnR3YnUkcbVMBPi5MqAta28PsVZK0PhOT9Ak0AeHiThanBwX5gooMF
/files/46/_pre/blog/shiori.kubo/img/2021/07/14/6651192/0003.jpeg
/files/46/_pre/blog/shiori.kubo/img/2019/12/13/3280846/0004.jpeg
http://dcimg.awalker.jp/v/Qe1vkOJIq4cQi9gOieaKmypukVBRin0vQJWTfdEJeWkXxyrztx7DJQSJ8XzKjQxpmw9QBz5xJ61GvukmM9fLjrscy5Y9uurjAbVVrG4nI7qNTsvl0AY6WMuzXjjZ6pM0BCCUYXeqd6RpyF4mLG2Z6Iw8xahfqIxfvgYZcL4YfR6ytnjmW0CksWLBLsFbMlRb8zPQYNab
/files/46/_pre/blog/shiori.kubo/img/2020/04/21/6548557/0000.jpeg
http://dcimg.awalker.jp/v/HU6Qb4CfmTSyOj1qHcSVLefXsz2EP0qtxGNbyWWbge5ZjrZdctoE43xLcsJJUfVTOjWmz5lu7tBv3zaFo6oSdKI8BBAawvsxS3yKe3gEPWiRpOPNtpO71olqwwBWgow844rjhwgu09cUn6hDO6tHEEMC1enM6Zt4pE75p4aGfUB6M8XtPYQb0R5Hdwh9Nz2nFfk9VLfZ
/files/46/_pre/blog/shiori.kubo/img/2021/12/31/5166087/0001.jpeg
/files/46/_pre/blog/shiori.kubo/img/2018/07/18/9852637/0003.jpeg
/files/46/_pre/blog/shiori.kubo/img/2018/06/14/6353587/0002.jpeg
/files/46/_pre/blog/shiori.kubo/img/2021/03/09/7124567/0001.jpeg
http://dcimg.awalker.jp/v/yZBG3rPVtfZPCZU2MZMIKQ42TY1Qq9rOh4OquvGWKAa4Y3aauUwNBC3xOazCgo3HRUjZQAMGIzMfH1p6adqpYX1IfwYh5unKNIPeYnrBhdzoGILc6JNwi09UAAqWMMXj7grMyBVVFTDxr4Og4U5nJoslFQJF2f5xCyciH6aGnKIBRb87AGYIPhvy7IQsnoi3v2D9Nq0L
/files/46/_pre/blog/shiori.kubo/img/2018/09/04/4804843/0004.jpeg
/files/46/_pre/blog/shiori.kubo/img/2021/05/01/7577510/0001.jpeg
http://dcimg.awalker.jp/v/LSxH8QvytFUoWz3xu9Dl572sahyDLDnT4e16108wFrz8c8tTIvycXRPhdEgV6kqcYDv1xqKM2I2iR14ttvIOYv8IzibZT4UskdjnHXoi6eglyOqPZxyVczx5Dwc7Byn9OABrTN7PMYrynfM3zPvS1X2RU2NU8qwhxQ26TxtzeZvxgk4NfBswRb2JAQS1yPPQk0A18rso
/files/46/_pre/blog/shiori.kubo/img/2020/03/03/3371167/0000.jpeg
/files/46/_pre/blog/shiori.kubo/img/2021/10/08/8799989/0000.jpeg
/files/46/_pre/blog/shiori.kubo/img/2020/05/24/0897198/0001.jpeg
/files/46/_pre/blog/shiori.kubo/img/2018/06/25/2345667/0003.jpeg
/files/46/_pre/blog/shiori.kubo/img/2018/03/09/9494646/0001.jpeg
/files/46/_pre/blog/shiori.kubo/img/2019/11/07/3003450/0002.jpeg
/files/46/_pre/blog/shiori.kubo/img/2019/10/10/7636317/0003.jpeg
/files/46/_pre/blog/shiori.kubo/img/2019/07/14/1462752/0000.jpeg
/files/46/_pre/blog/shiori.kubo/img/2021/04/05/1783098/0000.jpeg
/files/46/_pre/blog/shiori.kubo/img/2020/06/10/7816813/0002.jpeg
http://dcimg.awalker.jp/v/OzOBlxOPh3dCZyvbap8CCo1ONwIzyeU6NnZ7hwFNgwbkaiVj457gsdXVyxysCAmuKbLAer7vqIhbkzqXhXnxBJQi8FqQXSIFFy5TY90UnQ27y64gvBOMTytgFfitB1sSYHN6bXIo4s4nd0shOjQ5uSeA3HjuzuUXdl2733FR3pDTtXVM5r2tE3KuPGDNs0QYsFjsxRIB
/files/46/_pre/blog/shiori.kubo/img/2018/05/24/4909535/0000.jpeg
http://dcimg.awalker.jp/v/wRJ2gaNDhqEFOy2K0446zK9DRpQIXELOOj6gwRCPrOKoZ9GqFTZznSWBTR5weuyUhWpYQGqA9P7zxLiSbkPB9CxsQlM0Zq4j1EAJhtr5o0anNmC2IDBhCZEpLiYkYJQ5kU8Yr2dDSFdtC9hPaf07K8AHdwIzwMRVbrFkpTLmSgP578eclTaZ3a36xaANWEKe0BxzV1zE
/files/46/_pre/blog/shiori.kubo/img/2018/06/14/6353587/0000.jpeg
http://dcimg.awalker.jp/v/TvIfNKayvCLlcGuKe7pEtor11FiKq3BuGD84TfFH48ZClJ7o5X94LdGqD5UatuSSjcBuM8vufJlV5Btfiw0EuKx1iVgMPV529ERNG5kmQ3nPD0pfELqR1DGow6zFpTtiavNTGfwKIgPp3NqWvjZbbmSDeenIHsfIRu31Xs3ImC0ZoCUzDYsHppwDv0ygGa8QY41GvkAZ
/files/46/assets/config/manifest.json
/files/46/_pre/blog/shiori.kubo/img/2021/05/08/7557847/0001.jpeg
/files/46/_pre/blog/shiori.kubo/img/2020/04/09/2991086/0000.jpeg
http://dcimg.awalker.jp/v/h3DjMouXadPYR46k2s9pV3kDX32wfO1EDwN1cP3orKRZamV1Zka6kiuuTaO2paSPgiYtGVsUoVca466JlXiTsTkfCSfC9khoccAyOiTkgDH07LlL0jI58OTAKBcCP3Md5yDShmZ2O9IBmGGaqUDCVl9n33UwZ3io1tSilWuV4uM8jQJoSXd3aGCp44aalkemenKmJq1S
http://dcimg.awalker.jp/v/KT9oOuynIGdRt9xWE4kdIlJSxrRytPnd1OkNFdmdiFfoUZYlN9pt2CMj2ZRUlnCMim7gn8MGCt7IkRofyTPUVxApM0wQQ61sbsEwqKtSD2wL8HWicdbNIOwXHj6iiPvhh3gf7P3uVSatUxvyfjAkRHzk4gQfNsOldNmFQ9na4GdQFt7jHy0oULN80NJOfDMBJM97Ujzd
/files/46/_pre/blog/shiori.kubo/img/2018/05/15/7717766/0001.jpeg
/files/46/_pre/blog/shiori.kubo/img/2018/04/21/9690979/0001.jpeg
/files/46/_pre/blog/shiori.kubo/img/2021/12/31/5166087/0003.jpeg
/files/46/_pre/blog/shiori.kubo/img/2018/09/04/4804843/0000.jpeg
/files/46/_pre/blog/shiori.kubo/img/2020/04/09/2991086/0004.jpeg
/files/46/_pre/blog/shiori.kubo/img/2020/04/09/2991086/0002.jpeg
http://dcimg.awalker.jp/v/9JkeC8nUidK3lOoXWmcpxnnaO07W9YN0oVwXt94hJbU4EAmmXhapvkZdXEdSG8NbFSApeYRGZ4t0SzSbQUWO2aQUv8e73RxdhkJaoXIGeRIYrvcCEJxUJ0TZEMKDrVQADvoWa4WQP4kHIXtfXSJ224tbd8YeqbetMUwybVUZTarGiEbpgdtovWeFfRJGULvtclVuuHfc
http://dcimg.awalker.jp/v/3PhYRia5WqgdwDHSHGGDH7nI51Fu37c3UU64MZ8ay0qHNF2i2sgaJeWnx2YSxvrEkEyDhhZUJ8L09XAkYz9SrqlVlWWHAnMpX2FksJFQ0HdSNFXS1m3u4iYMlioEyUKwDkwR6Fneu3kHAiFej5o8jeNGkBbYbLrMXzj3yi3bnedhLxmVxaMBY8WxemkEP9ggmeOWS2zp
http://dcimg.awalker.jp/v/meu5yeArl0kunSn6xlwyVQvNsfSKP794fhyYEVXYiN4suwm9n8BtGvRONJr32o7HvJglbrTevj5OYZCs72skK4isJI8KkSPa2OvitIQ533bfhtrjxIwmNDlrlVpqJGJbrXf4zbI239VKzlbLFjhmnkmnS6rtWBUnzBcwHBmLrb6CkAhFaWgsskNKFdjusr4JhAhfIjAM
/files/46/_pre/blog/shiori.kubo/img/2018/03/15/1510700/0001.jpeg
/files/46/_pre/blog/shiori.kubo/img/2020/04/01/4198936/0002.jpeg
/files/46/_pre/blog/shiori.kubo/img/2021/09/04/5511971/0000.jpeg
http://dcimg.awalker.jp/v/lt5TiOO0JiNZ3MTGC7dBFdBe2FZTytJd6aRDUKm8al3RmRQSkco7pqw2WRYI1vUNn80m5pznUs45sh6BtPmR1AOqeG2bN1m90YOmQc5yETMyzrmpITLUESLUEWzxO7ZgqDPcizVemTmwEJDcHn3juuQN9dQdVCbPEKLxFM3055S0rfKVN8zdk5myV5DiPjFfB1vosuGt
/files/46/_pre/blog/shiori.kubo/img/2021/05/01/7577510/0002.jpeg
/files/46/_pre/blog/shiori.kubo/img/2018/09/04/4804843/0003.jpeg
/files/46/_pre/blog/shiori.kubo/img/2018/05/04/1770169/0000.jpeg
http://dcimg.awalker.jp/v/UOLuESfNowXFJ5ke6Jn7tZoE0IhIZcefYbMueJ8KvtVZG4QfcUqsHq1J7Ogj1SFrbOMlmfZ6UzWZ6XEvh9H66ubB8UKU2QQzyRYsQ5Km6YKIOVmomqJAUHjhBnwzu2Y92MYOVBTE0OU7AbpRvWh2CktDzdekRSVymIEcDZrnQD9yk3lLGzSJuJaijXkPjC9aZo7KYTIA
http://dcimg.awalker.jp/v/ZfYD6TpQyParOYkyMjToWadElA9CHgvM1vHebWi5XW2pyAGmPV96oKZ5je9WwhWgRhaxyvB00LRPJabDf53DosIT2YTx2LBTJtAFRBVoWlcfgRH85TP65LGjFOPzVUNjMxfWwkVKYay2D3O4EoKFDpLeCCzCaBofevxOKuitMh9uhKcQmMCsTB0Ro6jf1rUwepbPavbD
/files/46/_pre/blog/shiori.kubo/img/2020/09/04/2035276/0001.jpeg
/files/46/_pre/blog/shiori.kubo/img/2021/03/09/7124567/0002.png
http://dcimg.awalker.jp/v/hflNWPhf40FIEYbXgKSgkaWkiKtpgRJpQFGDyNOWUIJ4iyjU0Wp8PqxpMCa4BT9bcPukjdxMEA7oqtBwrWM2G3fWsW5FC2Quuowyv51XoCOWG5O1qcZXofDcw4GyCIimVlVUJGHSipzLs4RTqts6ar9P7Lxa03BuEpwXCy51K3y0pSfnugnBSXKibcH3JoDyfQUlrkfm
/files/46/_pre/blog/shiori.kubo/img/2018/05/24/4909535/0002.jpeg
http://dcimg.awalker.jp/v/Gbsm4PksdBRZozeQL8erdndPGxWXWQXUIb2u994vOPZFJrtOgZnOwSpxtqPFoomk6OgB3br0Ofi4cd1uN1YssMpcFt2F3E4FMPCUwmr9MW06ZwWjDkwl8u4iL6ehdUNVB8lh6NnNpLy7rdTzCe5P5uk9C94zVR0zlPpvXzHIH3YdcQVbosFRRq3icZKqtkQxg89N0W2c
/files/46/_pre/blog/shiori.kubo/img/2018/03/07/2345330/0000.jpeg
/files/46/_pre/blog/shiori.kubo/img/2020/04/01/4198936/0001.jpeg
http://dcimg.awalker.jp/v/k8iCWr4RRIYuULxT9og7JFMSL4eE4pSSDksTta7UzMcPqShFCeXdXF7OedebmhSq120ILOWne0NS7nmMPGVaLDDgrpCgapXNULd97fyiEMKVZUwO4o4DkZT5iG4o6HYuMwqOP89ZEBti1mOKVHdeMCtyzg3mcG64EyZV1i2xSDY1Wedk9A8KieMIUNVZVdaFoaaHMUGs
http://dcimg.awalker.jp/v/ifIzhM4StvYpPIk2HIGVgtX75boVPtbYxHRtMnco6tquTbXNHRq3TsWF7CiJvwfrgzO50UM1zaVAXqSlAEvT6OdNxKGhFn5p62cEMIttxcwgYdaaOjMVMtbauIRUNnvi9pnTUphAyDb7rdLHLDmztyr16vrVREqboV4iBA7TqaI3PgdFmU9dXFqml22KkXG4MqksvzoZ
http://dcimg.awalker.jp/v/NYU2iki2BqxbMASzydX7UplHUwE5LVf6A3c4PytXjWjTXxqWQecLF3DKY2pFPPbwSfjPaIvaKzTeEUmCSZJFoMSDxBCjvYdkfV3oLbFBVUJgc9cIRrm1tZLnUpv3QHjyg5e87wIkOryfPlPE3K2k59YS3ZI0ZF3pxIpgmaRj4MrXmjph1yKEQz1JcLIQWnLZkxeBn1pE
/files/46/_pre/blog/shiori.kubo/img/2018/11/05/0975127/0000.jpeg
/files/46/_pre/blog/shiori.kubo/img/2019/09/05/8898933/0000.jpeg
../../../..http://dcimg.awalker.jp/v/AIhyQRPdFHdyMEPWNUObb2B3jdIvdSUvQdL0EMOIyacppPNrt2m8mDzR86GLbUu6FtruR1mNpT6ecaScxs1LjCRO4mhuz3THfxcXyX4pkkE96KRUInJmjB84YSToppv2NtDthj6haOOUOs9T0XiEPfT2YVxv0BRu0TOkl174bHxvUgc8CofLKQ1m1kDvmHCO7d4hgVxp.html
http://dcimg.awalker.jp/v/gUzFEhJmJ6TJg6OLEzqT5vC4k5mW1Jd8OphYvDt5PHuNcDsaWga5UDsRMhR7a7IIXxXhg7LuA32XmqZ27wmkR9TN9yWcGYuypNvCaqAmmtxA4j63khT9PjVkahJPSlESVVf2f6nZOak7UFT9X7TMZoe8qTuKH6noiNFcFhPNn0Tqczi4esiDzsEmBrSt0uoRS823la1O
http://dcimg.awalker.jp/v/0HfUKaMIH8MAGe0BV8zVkhwvQXMHecEmqC8xwHG8EQ3mYdNmpGLRsFAt0ZEkz0jYdAhslZuUS4RCXggqV3tJKoQ8qwH8OfpNZz1SNhivgR4Xr4FaelvFoonGGv8sAf41nOD1DnOqG1tMDkPlUSBLa2jzEpbleM37aGpOVAxD1hqQxzttwAllMsyuuljFnxQUNIiQkiJt
/files/46/_pre/blog/shiori.kubo/img/2020/11/09/2263664/0001.jpeg
/files/46/_pre/blog/shiori.kubo/img/2020/04/01/4198936/0003.jpeg
/files/46/_pre/blog/shiori.kubo/img/2021/05/08/7557847/0004.jpeg
/files/46/_pre/blog/shiori.kubo/img/2018/06/25/2345667/0000.jpeg
http://dcimg.awalker.jp/v/4jowI6drcaY3XiHbJGxiyuoyyr9IY6nU2TpJPbm0CiOMtLdjUm6ItIAYam1oVA0ZuMiyfCWmUnJWN62hdubYPfIxCPAmROAhYX3bWmCeEUk62RyibZtw1IWIAsqBFm0ufjn38b1a6walcip2IgyZgCiRUKXNGQyICCkFnP4iNYzmlyUKzGXzH4kubiVja7D5trxjJSvv
/files/46/_pre/blog/shiori.kubo/img/2021/12/31/5166087/0004.jpeg
/files/46/_pre/blog/shiori.kubo/img/2018/11/28/0548064/0001.jpeg
/files/46/_pre/blog/shiori.kubo/img/2018/05/12/8105144/0003.jpeg
/files/46/_pre/blog/shiori.kubo/img/2020/05/22/2811083/0001.jpeg
/files/46/_pre/blog/shiori.kubo/img/2020/03/21/9737457/0002.jpeg
/files/46/assets/config/safari-pinned.svg
/files/46/_pre/blog/shiori.kubo/img/2019/03/23/4670482/0001.jpeg
http://dcimg.awalker.jp/v/XjgGFdiNMI7poFfVhHMSP1O4brogIhjuD4LiZrCVuqzZzGAHlOsGeAPDT6Nrxf3J5duWKKUWBTG1bDAoyYDkSvko2CEy1DVliDWzcTHt5h6taz166UhEuVNOvFwnEfyTyiGW68Caj6uNFHSAM9Pxo8R4ZL9RslDxJhChCgeuuHZxidWghHVnyTOsLEek3cqpnSM3UEow
/files/46/_pre/blog/shiori.kubo/img/2020/04/21/6548557/0003.jpeg
/files/46/_pre/blog/shiori.kubo/img/2020/03/03/3371167/0003.jpeg
/files/46/_pre/blog/shiori.kubo/img/2018/11/28/0548064/0002.jpeg
/files/46/_pre/blog/shiori.kubo/img/2020/07/15/1095334/0003.jpeg
/files/46/_pre/blog/shiori.kubo/img/2019/02/22/1498348/0003.jpeg
/files/46/_pre/blog/shiori.kubo/img/2021/07/14/6651192/0001.jpeg
http://dcimg.awalker.jp/v/lbRYBQyhCtcG5Nkz1Fjm4OQ4hvuSS538Scsd0vnVPQYkOMcWfspJeAa1EfVCGfTVZvMfYtUx40gg1uyB6sKVP0DdUWpujbGpvcUXHnBkK5HUmVR7t34HAtXUhjk2DlInI8vi5WiAFoV9lsFdT3FpvxLn40Y8wloOOCEPgAa15y2rkEuUXSFKHN0ZrgZ6kjlxTde1uaAa
/files/46/_pre/blog/shiori.kubo/img/2021/01/11/6724065/0000.jpeg
/files/46/_pre/blog/shiori.kubo/img/2018/06/25/2345667/0002.jpeg
/files/46/_pre/blog/shiori.kubo/img/2020/08/08/7225396/0002.jpeg
/files/46/_pre/blog/shiori.kubo/img/2020/03/21/9737457/0003.jpeg
http://dcimg.awalker.jp/v/NfhJ08Qo2Xgx6QkDzGELHOh4ytmUc2re4fwmCHBdZqyO8yasONEEjdjje6B5iyHA1tk60VoM3HDhYlnJJHThdDsr7dn6mucOnpQ89llOQWhggYpb516DaqnAVZvQRJZXw2XLCnSK5dFl5JzTzp7Fa16bfNaLEIytDfrwFAhsWWOwlLY6W8f5u3xHkbWcc20MTMYenNui
/files/46/_pre/blog/shiori.kubo/img/2019/02/22/1498348/0000.jpeg
http://dcimg.awalker.jp/v/SJFy52Z7jzpLQbOG7eAgpWuitXixrGMendQQWudAN0WOu6efEjpjgSh1zlc3ks5jXxYBY5HWaRmWk6nMvPEwLtpHKWIjUnz0QNhe9uAmKSgLcQy7EZ2e2ORPefSzfUaIxIE87gL2qEayQn2qHONyz9CP5yiJoUMnPjBfYAGESQzNSTVFenZ0LO81CPBrPGYcxn46QYBS
/files/46/_pre/blog/shiori.kubo/img/2019/08/29/7064884/0004.jpeg
/files/46/_pre/blog/shiori.kubo/img/2019/06/14/1719467/0001.jpeg
/files/46/_pre/blog/shiori.kubo/img/2020/02/20/9668919/0000.jpeg
/files/46/_pre/blog/shiori.kubo/img/2019/12/02/8648270/0003.jpeg
/files/46/_pre/blog/shiori.kubo/img/2021/01/11/6724065/0001.jpeg
/files/46/_pre/blog/shiori.kubo/img/2020/04/21/6548557/0002.jpeg
/files/46/_pre/blog/shiori.kubo/img/2020/03/21/9737457/0000.jpeg
http://dcimg.awalker.jp/v/16jAkgPNEUOkKP4ciWmbnTZ7A05rXcGhSf0cr5oBojSDpXbvXklaubfUGxhcGoTPDIIqQPrrepNjV58lPW4IrHnJ86NjyaBGcPfVWSaG4gcqYI4JmK8LJAmknzxR2nBQs2Mvkx2dKFxJLlmEjWU3dq0Hm93uixBnSqUNVVc1azTF4NTh3YBonCGZZLgKJ8dSmdZNnAbZ
/files/46/assets/config/favicon-32x32.png
/files/46/_pre/blog/shiori.kubo/img/2021/06/25/2790526/0003.jpeg
/images/46/ac5/8b0421d858a5cc0abe8d40ba31903.jpg
/files/46/_pre/blog/shiori.kubo/img/2020/06/10/7816813/0003.jpeg
/files/46/_pre/blog/shiori.kubo/img/2020/08/30/8558929/0001.jpeg
/files/46/_pre/blog/shiori.kubo/img/2019/12/13/3280846/0003.jpeg
/files/46/_pre/blog/shiori.kubo/img/2018/06/25/2345667/0001.jpeg
/files/46/_pre/blog/shiori.kubo/img/2020/07/27/4906010/0000.jpeg
/files/46/_pre/blog/shiori.kubo/img/2020/08/26/3208100/0000.jpeg
http://dcimg.awalker.jp/view/k65BHYEi9c48BAGCnDEra5oTCHkiRiBewyCH1wWgLS0DykCA2VkGAkWGHFQuKVQV7QdTRDw8YBeEMSlOCaWv6iQLBJggAGrgRE0N7qKKm2du1kHMqrUYs0t5AspQYO1sdKLsYpD2mWyTbpIvPPhSS2O1daPeKJy5F64yioVnSzo75ccgfXhUj6KCo7bh1Oz165Hin7Bs
/files/46/_pre/blog/shiori.kubo/img/2020/09/18/2194058/0002.jpeg
http://dcimg.awalker.jp/v/HV7ng2v1gtFSHFUC3UEaXd9wYKZ44sElMiMLqwRXSonX6p4W4eUMoqPWgIUFerTakdTJsQdPtI7DyBrxVMrxMCGXlRzwgzRBrUCRYYxTusKPEjI10pZBTnxZ7NU24NaYCWKlraeoVMKC6HFZyajB6oNKKgvoL4EUGRNp22Svmah3Wg62NAsZpgMsCbgOdmxCuyK9WxaV
http://dcimg.awalker.jp/v/JxqvCgGzAD82YNp6ZuvVXtqVAe3P0rx4XyL6zIykMPrZT33mMZhQbBuoU1xWJ6d0o5AX9ghQ7EUwmF3q7ZYsFIFJJwXLsujSgpwT72GBKS0G2xfalBpQzm99bLmaC8pe6BBTTQrYBm5B9XQ2khLueGL0frSw01X7KaJo7uQvEFV8rbfv7TyBlTFukdzYFP5f9mZ04Dre
/files/46/_pre/blog/shiori.kubo/img/2018/05/12/8105144/0002.jpeg
/files/46/_pre/blog/shiori.kubo/img/2018/06/28/7723387/0001.jpeg
/files/46/_pre/blog/shiori.kubo/img/2018/06/14/6353587/0001.jpeg
/files/46/_pre/blog/shiori.kubo/img/2021/09/03/6158462/0000.jpeg
http://dcimg.awalker.jp/v/R75ElHiniidzbJYG5wnISnow02HPqpsdLYmo4S7JgAKqrUNDYy5ccpsBwAKVmKnuWjlaMXssQdKTJEpG9pPIvmTheOsPQUezqrglI6LjbY6RfImjXfgqxArJun5fcAxzLk7rrtsiyDrl4OnwrwCfHdEoeF1ufqfx9usWYVFGRbgvLQmw3SZCTwtUufGMIhKg7mJ7t47h
http://dcimg.awalker.jp/v/S64XOjJnQR5ndOY7cHUR2XESVrzEse9GANeyXCZIOAF91K9KpvI3m0xoxFO08nryVRC1b2nS2Ds1TBfldZfswFBLWFOMyXaNSnEqHUIAxTHagoM4Ov9RUb3fA0KBiD7LgmeFhbVxifeC7WOubx6z6J6U0ApAAM25AakYpwuZQI1x8WqcbSgbTajd865yllTJfCNuzeqU
http://dcimg.awalker.jp/v/uUWUef9KJnQXTw4AnTjO4MhESYsECmCLaaWQVFxQ0tLAhltTODcGXVUstOHGwCk4HrcP41wDYPm38gwojCVJ778VmJh2F9mtutITuFKSg75T5Cw0cVzF79dVwKOn2AreScFiDMbL4ailzxKEhrFFzz5GDVgUSrGGVKSqP3IzObUrHoTrwvFrkHDt27oCbXq5dGOQMeO3
http://dcimg.awalker.jp/v/TBW3s78it3wcC9OXcPugfpOCfR0aALu1V5B3ezGQ5MwA1ybuj0iORLLQ7xNpv7IA724oeWQcEPcwA53gyeLTI5hrSzE38OBgpBt6yjiosCzY4rLAYqTxCnUGgzLvElzq7SzKn9QF3mmSaAWw8j5WKVStUZWdJJkkk0kLTmrW45fI4xJaACN9YlOWMTYdlPhSebpMo6gM
/files/46/_pre/blog/shiori.kubo/img/2020/06/24/9115227/0002.jpeg
/files/46/_pre/blog/shiori.kubo/img/2021/01/11/6724065/0004.jpeg
/files/46/_pre/blog/shiori.kubo/img/2019/09/25/0828331/0000.jpeg
/files/46/_pre/blog/shiori.kubo/img/2018/06/28/7723387/0000.jpeg
/files/46/_pre/blog/shiori.kubo/img/2021/07/14/6651192/0000.jpeg
/files/46/_pre/blog/shiori.kubo/img/2019/04/22/3525383/0002.jpeg
/files/46/_pre/blog/shiori.kubo/img/2019/12/13/3280846/0000.jpeg
/files/46/_pre/blog/shiori.kubo/img/2018/03/22/1948598/0000.jpeg
/files/46/_pre/blog/shiori.kubo/img/2021/03/26/5065353/0001.jpeg
/files/46/_pre/blog/shiori.kubo/img/2019/06/14/1719467/0003.jpeg
/files/46/_pre/blog/shiori.kubo/img/2020/04/06/7201667/0000.jpeg
/files/46/_pre/blog/shiori.kubo/img/2020/05/26/8964922/0000.jpeg
/files/46/_pre/blog/shiori.kubo/img/2020/11/09/2263664/0002.jpeg
http://dcimg.awalker.jp/v/l3rvFkJeRPC9QdWhvhRpgjmpPBMLEcDpcyU9icqqR3RotuyvlS6UHmyhPgMWGxNtqYB7QqqECQ0mkIjzoKXwsw4YeIMqMi4KfQmPTbm48F2p8O0u2DVzh0TdwkEVeJNENvF986iK6TcxSeqL1f9h2W6oWKf7eVV9h4Edd6GPyQtZ6tBWxwWap3pL4u65rMOhpi9LaGSS
/files/46/_pre/blog/shiori.kubo/img/2020/09/18/2194058/0001.jpeg
/files/46/_pre/blog/shiori.kubo/img/2020/04/15/3584227/0004.jpeg
/files/46/_pre/blog/shiori.kubo/img/2018/04/08/5186291/0001.jpeg
/files/46/_pre/blog/shiori.kubo/img/2018/12/24/5858999/0000.jpeg
/files/46/_pre/blog/shiori.kubo/img/2019/06/14/1719467/0000.jpeg
/files/46/diary/n46/MEMBER/0002_10.jpeg
/files/46/_pre/blog/shiori.kubo/img/2021/03/09/7124567/0003.jpeg
http://dcimg.awalker.jp/v/OGmjrwxgkwd7Q2dJgniD2SBURHvQqylw2y2x1qD3EsgRsD8zRxGfrEgzfi49NeeYERUtkIZRN7bCFuuBeMlP4qh6BkJoWIXPJ68kR3OMVRrHeqfZaTZfiBLFWy3hDO9tjlBNuVjwsGnqs5fp5na4wyo4iHdsTyPpGVEDlhCuh8f1ZYo4E6GE7x11XbhKNjvxrF2hzkI2
http://dcimg.awalker.jp/v/jH8L07dVpSLiAbaW8ZDTHVnEZMJMjiVsGGvY4RzvlFF8yWAbxeQjfyLwYrkhCEQDlrDo5QcsaPTcQXg3nkf6rpQ0DhA30I7md4RTN1b4V44KCMa16PM3l0zEVXetZv1PoiAGig4mlLux7xlK6rREFHnQ81POSigtSUTdFtf8wLkJBC9QzsXIKzlO3hD1jq6kUzbDEGlh
http://dcimg.awalker.jp/v/kYYkBSXJ8VTagtDH9TYwCVm8hJ4d5Xyh847Xwq03SfmH3ohap2oIuvpGKl1EiwYQ7s1tWEjqTYvquZjXJXJUYP1aJHv2LJHjrt7SUEBOC0pLHPC464sLjwYU6plQYWoomRFkelhcDpu4tqg7Vwwc1qvXpp6AWvzEzLx4kWKP2MpZd5h3nM9oiDgKS04ns0Fb383L94AV
/files/46/_pre/blog/shiori.kubo/img/2021/06/25/2790526/0002.jpeg
http://dcimg.awalker.jp/v/sXFfZwS6MBB16WKrLnqAuwMT682b69g9prN3l6692kYi0qP39Q9j8nQ7wKzsK0Kx1WnMhxeZMPI8ePOgvKzSDj5gMnqzMh2b2DcauhuQfWdkoeiYsMHaIsW89S99U0bsqFzWOWnN0YNeUXG0TvaKQT0zVVHYb7304l1xlkVeUCOOelbdiyhYKxpip9RAHlJiW8gbAoLi
/files/46/diary/n46/MEMBER/0001_10.jpeg
/files/46/assets/css/style2.css
/files/46/_pre/blog/shiori.kubo/img/2020/05/22/2811083/0004.jpeg
http://dcimg.awalker.jp/v/lU30WBsieAcbNHvAtXYga1DNbiYdQfWnLi0WejegfLRRSLk9ef1pO2nwtVCfhpMUAXzrFAagrAYDl7DPuHty8Qp7hUsfI4PJu391S6cB35S77asN2neyY32yS8ksddKKfEtde8BA2YuhQYo1X0SYNOx2BPso5VgA8Spxgtl63UNMyPOhibycHmIPZUhAlt9MPbK5UkcH
/files/46/_pre/blog/shiori.kubo/img/2018/03/20/4648774/0001.jpeg
http://dcimg.awalker.jp/v/mUlsDpBILseVxwIbfXFwjVBfe3Y5PJhZqI9IXTvwtpXhhU9UzzolkbpCHp3ycEuGUOOt0zyw5RU9RKjWzSeLTfVnwoSFJ8IFCgSFhbYuTCDJVfLbTmLUI0WvAenI7kkeUycRK6UiZqXFu4FsxHEhwjjAp8vlXc7q4BGqukEQCEKCKoLylLYgDvEPC6DPDkiHst4rrxCb
/files/46/_pre/blog/shiori.kubo/img/2020/08/30/8558929/0000.jpeg
/files/46/_pre/blog/shiori.kubo/img/2018/07/18/9852637/0004.jpeg
/files/46/_pre/blog/shiori.kubo/img/2018/05/24/4909535/0001.jpeg
/files/46/_pre/blog/shiori.kubo/img/2020/12/30/1378089/0002.jpeg
/files/46/_pre/blog/shiori.kubo/img/2021/12/31/5166087/0000.jpeg
/files/46/_pre/blog/shiori.kubo/img/2019/11/07/3003450/0000.jpeg
http://dcimg.awalker.jp/v/1xmZXvR7jdVKiOBVIEUiqdzWgWYvd3nQlH4ZPM3kKAwforfcXaIyNNhkNVreOT5veHEQ1tkP8u21TygCRS9gcIT2Q7nahxrfVXKMYyBlJg95STqFcJB4upShVEm0xiqhZwALIJBFv0A8WsXj4GNmJJLujddTWQ84MpoBVyyUD9WF28R3TCh91XiiodvNOf8Pr8jTf53D
/files/46/_pre/blog/shiori.kubo/img/2018/10/01/8467386/0001.jpeg
/files/46/_pre/blog/shiori.kubo/img/2018/04/03/4373154/0001.jpeg
/files/46/_pre/blog/shiori.kubo/img/2018/07/18/9852637/0002.jpeg
/files/46/_pre/blog/shiori.kubo/img/2020/02/20/9668919/0003.jpeg
/files/46/_pre/blog/shiori.kubo/img/2021/07/03/0814651/0003.jpeg
/files/46/_pre/blog/shiori.kubo/img/2019/09/25/0828331/0002.jpeg
/files/46/_pre/blog/shiori.kubo/img/2021/01/11/6724065/0002.jpeg
/files/46/_pre/blog/shiori.kubo/img/2018/03/03/6808980/0000.jpeg
/files/46/_pre/blog/shiori.kubo/img/2018/07/18/9852637/0000.jpeg
/files/46/_pre/blog/shiori.kubo/img/2018/12/24/5858999/0001.jpeg
https://youtu.be/V9D5rbLyIsM
/files/46/_pre/blog/shiori.kubo/img/2018/03/22/1948598/0003.jpeg
/files/46/_pre/blog/shiori.kubo/img/2019/09/25/0828331/0001.jpeg
/files/46/_pre/blog/shiori.kubo/img/2018/03/09/9494646/0000.jpeg
http://dcimg.awalker.jp/v/IP8kAO1QRIRPuImWNpn2cTz9SsI184gKLfXBKXupKAtqGsBIwXWXsk9ong1lTZxx7qD7WGOlibe4JODdWF0dCgfmM2hgKjhgIlyrTr5nNznQW3REs96M4BEVZ6klWYKRpVAi1n1MXdMqDCocH3OmzYBhi3bubJ7Ejc63q0y0sDyAkpBQ9olI6pUPrKNeaOVWpm1csx9K
http://dcimg.awalker.jp/v/tPM9iZjV2AO3CVC2polGQXK6MagVK6jAcJ4vrlPOZwabHPcx16CHEAECQBAGMzdrjgjipqm3ziNb7K6qvEXFzyfs0oAgheqqjm4d0kFTqtmN6mDYmIPaCFovgcyQICOtqpLY00LNVDBgtQViUyCYezczspTVwv5zgsOdiaSWCCz5FY68vUMxqbabtusnqkICD4ET5AyR
/files/46/assets/config/favicon-16x16.png
/files/46/_pre/blog/shiori.kubo/img/2020/12/30/1378089/0003.jpeg
/files/46/_pre/blog/shiori.kubo/img/2018/05/04/1770169/0003.jpeg
/files/46/_pre/blog/shiori.kubo/img/2018/05/06/5452589/0002.jpeg
http://dcimg.awalker.jp/v/e1Y06RpX44JhoABjioJ9WdfPXKum8jyZjdv0sVGpCBr3ecvRrscpK1UaASNtYU4cjaucG1xbn6kVzbTorxbIpvchuVDcrpZUZQU8AG3gnrwhEPXyRILL3XljcRyMDqh7pOGcrXa4SqFIOygN7v17Gzs21oM6o8RSm7hRm1K8YyHXvvQc8P7G4hp65ZI3qbfimIoSSOpd
/files/46/diary/n46/MEMBER/0000_11.jpeg
http://dcimg.awalker.jp/v/I4i3xVJpqTDEHDsye1d8INHs0T5Ku8o4MhXqz05HPLLDSfUawzPIt4cBDvZUyZVQT05rGalwqeLQiCc07eQprTagjBymNjgOlxC7nay826DioiW3RI9psAl0YZz09KGu5odXiineK3Ixa2oyD4wh4aqW5Rfv1EueirbgvEqJLIldH3Y64hK9wZRf5yFgAcOKalCOKetL
/files/46/_pre/blog/shiori.kubo/img/2018/05/12/8105144/0000.jpeg
/files/46/_pre/blog/shiori.kubo/img/2019/10/10/7636317/0002.jpeg
/files/46/_pre/blog/shiori.kubo/img/2020/07/15/1095334/0002.jpeg
http://dcimg.awalker.jp/v/UljtU9FzrbVG8ksR749GqaT7Br0EcDM593vq4Hi0dcVxRCnJ1bV9dmeKaOIfqLPSk0CjQzml2Zs4i5wBWhRSpNN6Vj1V1ZmLM35QDzOVZQ7OpCUH5hBNNeF1eWbLOHGQOBF2jYWJm22fnuC2I7H7VxJHhNIQ1C5eYRSm2zc7JtGJ4PdSCqv1t7W2CV1vpDs89PJqETPx
../../../..http://dcimg.awalker.jp/v/ifIzhM4StvYpPIk2HIGVgtX75boVPtbYxHRtMnco6tquTbXNHRq3TsWF7CiJvwfrgzO50UM1zaVAXqSlAEvT6OdNxKGhFn5p62cEMIttxcwgYdaaOjMVMtbauIRUNnvi9pnTUphAyDb7rdLHLDmztyr16vrVREqboV4iBA7TqaI3PgdFmU9dXFqml22KkXG4MqksvzoZ.html
http://dcimg.awalker.jp/v/9zO47a1xeFHPUGiNJgsV4abEWAFZHg3JVV9FutiFqtOS5w9S0DdNBSEKQtkRs116pKohgJr2GQCdfBSOHuk4uGWxhF2F2iN5EyM2S6a5eXH1GDSW1tmWamD3ITVo5oR3pViZU0YrzEUkONeN4lsg4HsgqNA6zk2VsHj2UnMsecTwB0HO6zUcCD6cN7K7qohjv8UeGtRb
/files/46/_pre/blog/shiori.kubo/img/2019/08/29/7064884/0002.jpeg
/files/46/diary/n46/MEMBER/0004_7.jpeg
/files/46/_pre/blog/shiori.kubo/img/2021/02/28/1068328/0000.jpeg
http://dcimg.awalker.jp/v/9aIN6fzdJk3I2XAQUfByek5IEJAm814cpsdFi7Nc4zGnTXorS9rUrxHGlemXVl4n8OgZ69R1aPs01C6wJGoZq3HEvauDl1F5L4lhAx5iwLTUCHo7yTkaE9xuKU2oerV7v4OhksUqBjnMklzUiqUgPst2kVz4utgG1NjF6OEurZ5wQONYn3Y3Wjy1NcmWWwUlALi36rp5
/files/46/_pre/blog/shiori.kubo/img/2020/06/12/4714023/0003.jpeg
/files/46/_pre/blog/shiori.kubo/img/2021/09/03/6158462/0001.jpeg
http://dcimg.awalker.jp/v/FdOC944Np6YauDSUW4jT146jI51Easvd2PDlEVwMumgVp6wStiQICX6ZEdZLtqyfP0QUO0gKmdxkRwlagaF6V8oIaeOVfZSxUDjGrJcReg2NKKWQtzLbNyt1qFEJcAv4lqtklnAZVOwjra16JAVnSoBPMoINBQObpzO0ncXfoYJWjd4vFZwgddPBOt3gsXKkDoF0ah0p
/files/46/_pre/blog/shiori.kubo/img/2020/02/02/5242245/0000.jpeg
/files/46/_pre/blog/shiori.kubo/img/2020/05/22/2811083/0000.jpeg
/files/46/_pre/blog/shiori.kubo/img/2020/03/03/3371167/0002.jpeg
/files/46/_pre/blog/shiori.kubo/img/2020/07/27/4906010/0001.jpeg
/files/46/_pre/blog/shiori.kubo/img/2020/05/01/2851857/0003.jpeg
http://dcimg.awalker.jp/v/JwXYiWumlA0TftwgAyux8TOEDfBWU00aUuHwqBOlgtRd7lapX8N256u0Uj0kwhvjWZKroVISkNdR7hgMEcJbpl2lKT6t7hMSD5gLFuiQr2DUw6zvlZbgASqgkOCyRZVusWA4Vn1ujF4mAtuORqa1KgWTXSc4V0JSXs3io321baD71V5krniwjEdMXRcdH0tq0sEGIYLD
/files/46/_pre/blog/shiori.kubo/img/2019/09/25/0828331/0004.jpeg
/files/46/_pre/blog/shiori.kubo/img/2020/12/30/1378089/0000.jpeg
/files/46/_pre/blog/shiori.kubo/img/2021/12/31/5166087/0002.jpeg
/files/46/_pre/blog/shiori.kubo/img/2018/11/15/8194187/0000.jpeg
/files/46/_pre/blog/shiori.kubo/img/2018/04/21/9690979/0000.jpeg
http://dcimg.awalker.jp/v/kLo7PCDNIhZ58mqusbnUgAWd9YOhZYodtoPkIEEa8j2cAT4QZ459g07mKTPfJeZ9mWNkCHoht7JJr86ID4bOok7LrnVx0YjJeJDJhLRenmvChF6QT6MZl8J1bwKe1DmOnjfLuVdwdvdjWNLVw3xqGNRRYipUKhisRUW7uLFUyfP5zL2vhnyclGnF3U7Npr0fg48SEsUa
http://dcimg.awalker.jp/v/C42FDSPUVrQQZpAE6BbzqmB3HsVXPy7Y7ImjTljxTFMPBCrBNYNM6TRbOgPY7KQXt09qlkGkpynas0ba6IYmXVc8EajeKRTgu2lkGXyDUGC2tvqSgvSaxGrkKPDWPCQ5qbNLCFZRphH4f9fHLoauOtCKdUJmDmowUpQbv94D51tW9roAjBKdXODpCC6cGCul3kIe3tLG
/files/46/_pre/blog/shiori.kubo/img/2020/04/15/3584227/0000.jpeg
/files/46/_pre/blog/shiori.kubo/img/2018/11/28/0548064/0000.jpeg
/files/46/_pre/blog/shiori.kubo/img/2019/07/14/1462752/0001.jpeg
http://dcimg.awalker.jp/v/iGbeUxz8M0ooVnuStLnBgpvM4ON5J2y4D1tjqwyvx7hEI4CCu3WtEj8ibV66Gjp6wZVqLZlrrghGmzu1lmgMjSlqgog2RRtHVrbQkAaggfd1WnFA4ERsaPx37I9vC1JPhW6xsM7FqibJfkp2FFeZRwbape1cLbQ8kwKhLfU6REGHOWqFUphobyGUKTEDsOBX4shMLAOV
http://dcimg.awalker.jp/v/y0tMvYlY36b9SA6n7rHF4NYNQYjvghW7r3g4T0hnNJdGaRobss1qJEBBDfs0J388C7TAUtVXjaC0xAD3SEPlpWTZaTKfQ2yZo71bgsMiQ8EwoShNwWtcXXM6fBczSiB3NC8cgjlnj7TWuglYqMuHM4lwX9jOUhydAvsGI0v7KVEvZIuv8XrlrgIrFcqXlIL0NttQClpr
/files/46/_pre/blog/shiori.kubo/img/2019/08/03/2666350/0000.jpeg
http://dcimg.awalker.jp/v/tGyVvyJMKERTpGqCrhtEAe4YdvRIoHQL3n8ddp90iqekungOvBj9GufIskundysLxZrOjBOvcUpsW2rQBBwTLlhS7Fr4x5AHzHaJDii9QCeQI1QT78vsSJXyq5AnCZLfOX2qsBBZ21em1zIFugAJtNNTTpLjThgDS8LKtgF848TmkujeGtl6BJWEAyKqKI09Kj08Dyln
/files/46/_pre/blog/shiori.kubo/img/2018/11/05/0975127/0002.jpeg
http://dcimg.awalker.jp/v/iuYjsViVHc6tPuixB24E1MrZVu30lHAEVhuD4NN1t1s8mKxQuSol0fAyiG6bD2YyFZZjNoCWKZIjXIjR0DoWtzzdy4oFAmTr4nVJFLXGtPac4VndBGzbgZlYqVnMBFUUMJmPYqvlD0FxOrbO6RiyB5oxtDMs6DV5z3uKje30j5dDfNW2nH1xJ6raHOYJziebfIXwweAz
/files/46/_pre/blog/shiori.kubo/img/2018/05/06/5452589/0001.jpeg
/files/46/_pre/blog/shiori.kubo/img/2020/09/18/2194058/0000.jpeg
/files/46/_pre/blog/shiori.kubo/img/2020/09/04/2035276/0000.jpeg
http://dcimg.awalker.jp/v/Ft14ELSFCL1AKfamWe4dZew0T72W8N9BmuYfIsm3aqdYPSyK2QDEw3CZ3pxAmNFmin0WDTHqlSDt8kbMrvi8D9IT6LCSnqm6TY6yUvnK8OztnTbEnq4lnShvOfwvTB7Db53vR4m7cpzMdWYqoonOybgIeVZD4FwbAFMNOmq4ZHMJDPd1HqtHPBrUazkv3zQ5eVG5RRmy
/files/46/_pre/blog/shiori.kubo/img/2020/08/30/8558929/0004.jpeg
/files/46/_pre/blog/shiori.kubo/img/2021/09/03/6158462/0003.jpeg
/files/46/_pre/blog/shiori.kubo/img/2020/06/12/4714023/0001.jpeg
/files/46/_pre/blog/shiori.kubo/img/2020/02/02/5242245/0001.jpeg
http://dcimg.awalker.jp/v/0Wyh381Ff2AoGlpLA1a2gHRZyFpEidPRH1zSONZIQ4uePesV0qdCVUH6xM4NeVFnOCU9Km8ZYQosFX7HYTQToKLcFwqB9fRCwezw9p7dpGN6yLq4nrZQfaI84sD4qF0gIsTcLmRTRVtbxr6m2RlXKH4134xNmz67LLOtnZs9jttJgLnuuzF0Rk6sf1Cp6t6p9FFW6W9q
http://dcimg.awalker.jp/v/CsHnS3cMI18l92psVsz6d2BaBaeFqQuBBsq0CyDWWSX29f43li6akhgIWhDqlhtRqCIXNANOcOZoLVYriepwaOcqCHKI8CATK100h68SiA5ULNq6IerjFVEeGZlr39NWPxwICSVnaAokz9Fx4t1Z4UNhx3FsRYWmEeN3czK2QBLVobZJaUWkcYbzA2UyILNRIC5AVhwy
/files/46/_pre/blog/shiori.kubo/img/2018/06/28/7723387/0002.jpeg
http://dcimg.awalker.jp/v/HMRzcInBZHqj9su0OAVAtOx0BZgBHK1zdVsRNieNdUftCvmDMaSnQlA8GbQ8tGk0hCVUieLPbFGpiwkDMiuWpCVY2fVkkltYtBXP8nNGqZBQO2rd5oXgorXuM5czkvm4hfx7s81K1OzVnkhmSMJx04ieagL0U2yaJCKYOa31Purp4UXJDlYpFdWUMUWIxgwNgaImWI43
/files/46/_pre/blog/shiori.kubo/img/2018/11/05/0975127/0001.jpeg
/files/46/_pre/blog/shiori.kubo/img/2021/05/08/7557847/0000.jpeg
http://dcimg.awalker.jp/v/xTVKe35zXIbWFRLxbISaw22iBhyQLSv17zFrwxfdXfBqPbTurxNILx11071Bb4i9ini8ue8X5WmhQB5Iaq9G8tMhjdGmPhR5fkbAtWAFGgexkvKI0WOPkwrseXabF8ZZHpaCTfLLUjmvUXx384L2bgLIQ37Us3rVkqsn4oQp8RAGCBC7Da6TbTxn47z41caOHicZDyVS
/files/46/_pre/blog/shiori.kubo/img/2019/10/10/7636317/0000.jpeg
/files/46/_pre/blog/shiori.kubo/img/2021/07/14/6651192/0002.jpeg
http://dcimg.awalker.jp/v/JZCCITG6dT6Unb9WLvIqgOTN3ZAGqTjU7okzmfflaCphfRUnFCSEu4SPvYxv4Nt4LYqmFRp6oWmkVt42JJIOyv3eibIJBAOH7H6D5bJK3fLmPlaBY0ihtHmWGlijOrawtaSuGFQSwwGIPf8EpXPQOACT15AQFMZWTjiCy3KLCMbleW1CT93i9nFyjXEbM4pdjgImKlri
http://dcimg.awalker.jp/v/AIhyQRPdFHdyMEPWNUObb2B3jdIvdSUvQdL0EMOIyacppPNrt2m8mDzR86GLbUu6FtruR1mNpT6ecaScxs1LjCRO4mhuz3THfxcXyX4pkkE96KRUInJmjB84YSToppv2NtDthj6haOOUOs9T0XiEPfT2YVxv0BRu0TOkl174bHxvUgc8CofLKQ1m1kDvmHCO7d4hgVxp
/files/46/_pre/blog/shiori.kubo/img/2019/09/25/0828331/0003.jpeg
/files/46/_pre/blog/shiori.kubo/img/2019/03/23/4670482/0002.jpeg
/files/46/_pre/blog/shiori.kubo/img/2018/06/25/2345667/0004.jpeg
http://dcimg.awalker.jp/v/DdjWya31zlatnvemsLqgEP1BAiw5Mlj0KP0n9MljAkH4I9WyslxSztKfHAROAXr1r6Khvdtj4gASaS5onZPVSNXSRdociCQGa0C4i8npWZZexLjzwTvcVsRhWoPCWK9c8bMKkoFjPXpTNVER4j8HnCvkOagNCAy1Fh8XG5ZYSAi8pVYHROLJq4PoLUzbIBYFmiWN904j
/files/46/_pre/blog/shiori.kubo/img/2018/03/03/6808980/0003.jpeg
/files/46/_pre/blog/shiori.kubo/img/2020/06/12/4714023/0002.jpeg
/files/46/_pre/blog/shiori.kubo/img/2020/04/09/2991086/0003.jpeg
/files/46/_pre/blog/shiori.kubo/img/2021/05/01/7577510/0003.jpeg
/files/46/_pre/blog/shiori.kubo/img/2021/07/03/0814651/0002.jpeg
http://dcimg.awalker.jp/v/ylI5mjH2koiMJTckHbbQyYefUek7fE9hcZesDkie3k0H4FV8jPtDxXfiLkbgf4cDKXVbVyfZA5JgMukqpIrkMGdrHdPJkIjYqy6PqcPwgHhDsYEPOL1rGh6GdPlWiCMzlriwS96nozMcXICNd3vjYUyTbbsyktBgg5TP1vPytC8JU1cjd2deYbegxDmTOhaxRMwhmmVD
http://dcimg.awalker.jp/v/6hFRpVkeeZQGol0FirjaMGGxhCstxFOp0wdkCcM0vl5xX7wSp3RlyZjeBvhHPRUh6SG5bdMFTrEADDS0v16Y4LmrSOFlxnFviPuOXV5KKGOzqC0g282YZlCdo6SDC1llWPTQhM1m2sYyGiqnORA8m2HcT1Sx4vVfYpUKb1Cy2DxMONs1EZ1vP2ahj6JJ3heSyK2WbyEo
/files/46/_pre/blog/shiori.kubo/img/2021/07/03/0814651/0001.jpeg
http://dcimg.awalker.jp/v/6wq00mm0yKev1yN5zlewCtTs8VAWbgFQFkagxxLOLc2VFTg5UWaF9ZRWwXivlAgS2OvkFVGzG5HY9oO0osmOCJWslEIbgGJBlmMVVUiorc9Xr4bPcVTd87pfrTSjYwlbEereDXkxlkNXSqijpL1y1ATGCjVLVH8DTsJk6vrLIiA5K8BGxr8Q0LkO8AeH6lbRDqISevfi
http://dcimg.awalker.jp/v/R4t8unCBqmJOjmm1UMt9iCujLr5M4jWZlArlhUXBBeYQuWbUDO1ib7PMkYEktlHrcSl9TIMo6N7hgVVSbUnysRKwhapkfqKx1g1QYihKW5uNB0VUzihZGs6y52fxW7DHNB88iCiOrFyMjJZiGFV7umVkPjmeeshDQmpL5iw9a5VmgGZd9710sp5OgGlc43ApAvJxBYCz
/files/46/_pre/blog/shiori.kubo/img/2020/02/20/9668919/0004.jpeg
/files/46/_pre/blog/shiori.kubo/img/2019/04/22/3525383/0001.jpeg
/files/46/_pre/blog/shiori.kubo/img/2020/04/01/4198936/0004.jpeg
/files/46/_pre/blog/shiori.kubo/img/2020/08/26/3208100/0001.jpeg
/files/46/_pre/blog/shiori.kubo/img/2021/09/03/6158462/0004.jpeg
/files/46/_pre/blog/shiori.kubo/img/2020/06/10/7816813/0004.jpeg
http://dcimg.awalker.jp/view/gbqHdAOac3dIdkhYO4VZfwJSUIs5yvw9SVTeRJ3MvQgLGSh7PeA20nEu30eebg1a7cTMZoPOoTzp1rGF6QUbf8Zz3y6UxbKNW5pc0bnP2HuwU4Nv80agvX9ATt5pF9E7S7Q8gaUbTwJ8UJojJoxbuX8SCQRgCnIR0qSm7GGTcIEAU8R9ZPkFrobKYIpan2uYRXJG0QlR
/files/46/_pre/blog/shiori.kubo/img/2020/07/27/4906010/0004.jpeg
http://dcimg.awalker.jp/v/4c8mEk4GTDrFVKQyDzpN26xipJk8rxIHTAW1mVz8m3kchBgsSNuQmA33CQjtpLZm3qec9JQDZinj4nOMKLTVzo4AJehlGTg7xufu31S0aLN5fxZevbAFHICvs9WNhFBklpwC5eUHpCtxeWu8AKKpE0XbmQJolNfEVmQTjfb84z2MjRdUdgEOP7mAUgsaHTUx5TsTZfQf
/files/46/_pre/blog/shiori.kubo/img/2021/01/11/6724065/0003.jpeg
http://dcimg.awalker.jp/v/BtQFbgt7IZ7MmWwUF8rLf5IbtNooVcxM2boR8WlUHQia4XMkKYr6PKCEnrntmErPPS702HiGBO3Qh2tM2JpzdRL4r3CTYXzTjWXhe1cjeD9dMSlckUwnPZshQo0jrW8OBQn8tbjjSgqb5YBCwzaMEeSOUbY6wQTAQVFtG0QtHifqF7W2GB2G8ZeZXjGSwWubopVU8VKn
/files/46/_pre/blog/shiori.kubo/img/2020/02/20/9668919/0001.jpeg
/files/46/_pre/blog/shiori.kubo/img/2021/02/28/1068328/0001.jpeg
/files/46/_pre/blog/shiori.kubo/img/2021/04/05/1783098/0003.jpeg
http://dcimg.awalker.jp/v/gZoukbEm1OiX7NI0rfiwbZgxHoLxmDeZ6ZNMl9KeTPT6wEjLrzsR6dF80BpWBxtOiGJuVM9pfxWwJvjeEqCZpdib0oqEekMKwV1QdfMOtHC9eOtUeqY0SHKRfj5K97736jSJrHa0DhAXXnY05XFxMN9WqcWSeRIYySCD1nXXhcVP5ECqb1MG5RErHKr3Gjud67F63aHN
http://dcimg.awalker.jp/v/YjcLECn0Sdw3B9Sgk4aIc5wtJEvru99y2PARvDlQzILiyXo0kunGk4rTj96vCUuQvrZCc7Um7ijgjtcPSJUuo0GUy5XbxUVg7kFcRpK7OVWEwowic5I0QGmpzzraNG7WO5j33gKqo1F0Dp3wxawEErpNvS84ihSJNdnK1BetjIqZ8H0gzXmmZUGz9sxJ0mtr8WApuQkH
/files/46/_pre/blog/shiori.kubo/img/2021/02/11/S__2195612.jpg
/files/46/_pre/blog/shiori.kubo/img/2020/05/01/2851857/0002.jpeg
http://dcimg.awalker.jp/v/9lv3fzxy94Y26lGljoSU2bPWsufYKnGmatNLFZb79dXfaoqgqpX5i6ApVxcVxmXqUwT9WWNnXVr3TuU6sfjtTEmegPbqyh0WNFycHAsRmfq3GkUg9k0ymsMh1yrGgMoE3ukkheArPy3fLgDjddgj9eceUT5RsSz4PGb0gn2N95qnwVTklvfhzPAW8WRG14EMd2gJI9kk
/files/46/_pre/blog/shiori.kubo/img/2020/05/24/0897198/0000.jpeg
/files/46/_pre/blog/shiori.kubo/img/2021/04/05/1783098/0002.jpeg
/files/46/_pre/blog/shiori.kubo/img/2020/05/22/2811083/0002.jpeg
http://dcimg.awalker.jp/v/KsAAOaMrEh6alIvG5zRWgfeSDeBVaCqgGT101KmuyzJO8fjVRiW4f2UT6e1xMCbGGIweQEyxCBLkmzIwO5PLupvWP7eNBTEnVhfDWXPGGWpUu6WcNp4wWWDqNXzS10jrT4d3JpJeAWC7WasTWOM985vPTmQHMWFr5e2BXndbzb2T1JJ5gLrY5XohIx6ltrvczi2SGKrK
http://dcimg.awalker.jp/v/l6b9syrvomzmB2DKdlmYwFxDPUrCt5H9lfyrJGJhPZCIyRs05Cswg61eaep3MYm8xz2rXHndPd0n2tRGTiiNBJpZa57kTdqeh1B4uEyyoLaT2ihFiHpll25kUjYnEzlgYamlK4HEr0xpusq3F627LAgUjm96Fm17MnUWycf4IJfp7SBxCcXzWrHabkLme7uLsIIBWvdD
http://dcimg.awalker.jp/v/WCmgZBvJL6Pe9YxratpVi1wGOMZCOUXOTxhlVndSvzKlmtsxk5QJ6C39BEnv1hrnzCuwRMKoFijxArjsRjxFroDokFKdlk93dSea8Bvzi67ZSLErP0R5Zyz8l8naUOjlh9l7e2dII3SgTdK2wr5UfqsckiSrlLrqPHa6Hw6ylttVtN2gtp137X9vgwl308QrflyovI8D
/files/46/_pre/blog/shiori.kubo/img/2018/04/17/6317454/0000.jpeg
http://dcimg.awalker.jp/v/skvJW2Npv9Wo0khgIiQ0XxO2KZoLmHGLdizCSGBVFaH9fIkshhkh2OKkPnNC9sCwKOaUdJkG2JcRLVneqoZd2yOlADqVKfa5OaczoGnjO5Hq5NanDpBeg5UT6zdqsn4iiNOroZIDxVqLUFLTtTUyXLbxvZwQ88RyHDlRZDiriZKp1WPKuq42i8Epl0RQYz7UdEB6RzoB
/files/46/_pre/blog/shiori.kubo/img/2019/12/13/3280846/0002.jpeg
/files/46/_pre/blog/shiori.kubo/img/2020/05/24/0897198/0002.jpeg
http://dcimg.awalker.jp/v/MZACk4eucWy8RRyVwPAMfuvzNUETdNvDafI331EeFxxU4kNQfJQV7SKyPbZxGPZSVNUax4wvDulRCzTMr8ZMLrvcWVimM1L6Fpbab5c5ztx6ZHUDVGjUhwiGmrSVsYWmL9QHMtHtmvY1GZD2QOyk4hdQxLvfNqKt35fR62bJw6YY3YHwyPata1tZTKHERdrFax3pPOhw
/files/46/_pre/blog/shiori.kubo/img/2020/02/20/9668919/0002.jpeg
/files/46/_pre/blog/shiori.kubo/img/2018/05/04/1770169/0001.jpeg
/files/46/_pre/blog/shiori.kubo/img/2020/08/08/7225396/0001.jpeg
http://dcimg.awalker.jp/v/CfgqDH5fD6VUTU1HoLczgUdXN7dvyFkhpjVaWO7KUNGuhGXcv30iNgCvtwSK6epEwVuY6fn20CK2WC7Yi3yp5gpHcgbO3MSDM9EufG2VceeLMzVVkED8uzGZGQTGTyga3jieHRzAIxmHXBA4Oms39QRfGKwsEvrxqmRJd0A1n5F5JLJaHlgOLHQRY5ATP4T7LAMWk4ZS
/files/46/_pre/blog/shiori.kubo/img/2020/02/02/5242245/0003.jpeg
http://dcimg.awalker.jp/v/eBSHQHvwFX6d2Uu4F8IFKnVaM6JUDBEvoQFhZinByfaN6kpMsn5CXsTfzDrFfb9LHkC8pp3rwfKBJT4eiCq7X3oMavVt5FvAaUutNrE32Y52kbi9adbAyEV4TNHjwh28IVF4riLdN5igqqUckDHFIzFViW586R6ioh7SSL8cpDqzF6K4QvfSmYrGHH0smLbxzM28lnvi
/files/46/_pre/blog/shiori.kubo/img/2020/04/06/7201667/0003.jpeg
/files/46/_pre/blog/shiori.kubo/img/2019/12/02/8648270/0000.jpeg
/files/46/_pre/blog/shiori.kubo/img/2020/12/30/1378089/0001.jpeg
http://dcimg.awalker.jp/v/7d8DLcp5MDssbGWGK3ijHhDHyTmiq02GiKHrER7dkQKJ2a0MycW0PiwzvVrhFoRZZkneiLwPsxUvEfEkVzVBN92NLBsbP2O0b1LTxwdzbn4OOz9DIaoVGAuw6Gb9dDugH7wqEmOtfsMXyVWze7NA91ttJs31eLJjpQIxJ3ne0vQMax72KRPf0mTNjIX4c9h9XmBX7k4A
/files/46/_pre/blog/shiori.kubo/img/2018/05/12/8105144/0001.jpeg
http://dcimg.awalker.jp/v/WISJi0bYbjRkcNvYvmmsLlfhvDdVYjHS30e6eGVKBysDfjQ71dErDRzHVHroAsAIIW5FUxpit9vWc8swgqLwrLzhhawkoxm6DdxfdL5LV4JcTMqoHjVQxIm56ZX7Tjhyx1VhrG4zcaLLzgJizGXQhU19zxQuFeumjudyCAq8PiTq3qfh5CgnsBRvzqx6HT9FlHdEAoUq
/files/46/_pre/blog/shiori.kubo/img/2021/10/08/8799989/0001.jpeg
/files/46/_pre/blog/shiori.kubo/img/2020/07/27/4906010/0002.jpeg
/files/46/_pre/blog/shiori.kubo/img/2021/03/09/7124567/0004.jpeg
/files/46/_pre/blog/shiori.kubo/img/2020/02/02/5242245/0002.jpeg
/files/46/_pre/blog/shiori.kubo/img/2019/12/13/3280846/0001.jpeg
/files/46/_pre/blog/shiori.kubo/img/2021/06/06/6213357/0001.jpeg
/files/46/_pre/blog/shiori.kubo/img/2021/09/03/6158462/0002.jpeg
http://dcimg.awalker.jp/v/zoS6G2rYgyIyRSMoaTX77p58FGDJgfCodJGlKYWqW4LcAz8cMAlbanumKvVgFAHxAisdwGXgc0KB9cVuz4eLlhvPgYEXi2YtwrMZgVRo9vEk0NlmnQWiGmAhuz2UZbo8FHrq2AJoQCVN6sn1TtjjypvVV22qt3I23OXueewlZ6tsrWP7ergQMqNFamfElafnGE48qn6c
/files/46/_pre/blog/shiori.kubo/img/2020/06/12/4714023/0000.jpeg
http://dcimg.awalker.jp/v/inVrbuuhGAk9QEK1ONSwocMf1omIDixFJxrTr12mCwJDOCOfzpwe8d4xZ12gwSF4JxG3iIO6044uLfRluWMY5HHnLKXO0FHEbT7OKxl97KAy2AzCTG3x8Ntf0MLTUBfhumYE3gQ4kIImkovjlXqbssMeo4iagIpvqxmsgHBsZr0oPa6R8ovInlwQnXagiJYvCId54C2K
/files/46/_pre/blog/shiori.kubo/img/2020/05/01/2851857/0001.jpeg
/files/46/assets/js/vndr2.js
/files/46/_pre/blog/shiori.kubo/img/2020/04/09/3332387/0001.jpeg
/files/46/diary/n46/MEMBER/0003_10.jpeg